2025-04-05 11:07:45.753 INFO: ===========VERIFYING SETTINGS===========
2025-04-05 11:07:45.754 INFO: MACE version: 0.3.12
2025-04-05 11:07:45.865 INFO: CUDA version: 12.4, CUDA device: 0
2025-04-05 11:07:47.910 INFO: Using foundation model ./pre-trained/mace-mp0a-small.model as initial checkpoint.
2025-04-05 11:07:47.913 INFO: Multihead finetuning mode, setting learning rate to 0.001 and EMA to True. To use a different learning rate, set --force_mh_ft_lr=True.
2025-04-05 11:07:47.914 INFO: Using multiheads finetuning mode, setting learning rate to 0.001 and EMA to True
2025-04-05 11:07:47.915 INFO: ===========LOADING INPUT DATA===========
2025-04-05 11:07:47.915 INFO: Using heads: ['default']
2025-04-05 11:07:47.916 INFO: =============    Processing head default     ===========
2025-04-05 11:07:53.020 WARNING: Since ASE version 3.23.0b1, using energy_key 'energy' is no longer safe when communicating between MACE and ASE. We recommend using a different key, rewriting 'energy' to 'REF_energy'. You need to use --energy_key='REF_energy' to specify the chosen key name.
2025-04-05 11:07:54.639 WARNING: Since ASE version 3.23.0b1, using forces_key 'forces' is no longer safe when communicating between MACE and ASE. We recommend using a different key, rewriting 'forces' to 'REF_forces'. You need to use --forces_key='REF_forces' to specify the chosen key name.
2025-04-05 11:07:56.296 WARNING: Since ASE version 3.23.0b1, using stress_key 'stress' is no longer safe when communicating between MACE and ASE. We recommend using a different key, rewriting 'stress' to 'REF_stress'. You need to use --stress_key='REF_stress' to specify the chosen key name.
2025-04-05 11:07:57.842 INFO: Training file 1/1 [11546 configs, 11546 energy, 11546 forces, 11546 stresses] loaded from '../data/train.xyz'
2025-04-05 11:07:57.847 INFO: Total training set [11546 configs, 11546 energy, 11546 forces, 11546 stresses]
2025-04-05 11:07:57.854 INFO: Using random 5% of training set for validation with indices saved in: ./valid_indices_3.txt
2025-04-05 11:07:57.856 INFO: Validation set contains 577 configurations [577 energy, 577 forces, 577 stresses]
2025-04-05 11:07:59.014 WARNING: Since ASE version 3.23.0b1, using energy_key 'energy' is no longer safe when communicating between MACE and ASE. We recommend using a different key, rewriting 'energy' to 'REF_energy'. You need to use --energy_key='REF_energy' to specify the chosen key name.
2025-04-05 11:07:59.423 WARNING: Since ASE version 3.23.0b1, using forces_key 'forces' is no longer safe when communicating between MACE and ASE. We recommend using a different key, rewriting 'forces' to 'REF_forces'. You need to use --forces_key='REF_forces' to specify the chosen key name.
2025-04-05 11:07:59.840 WARNING: Since ASE version 3.23.0b1, using stress_key 'stress' is no longer safe when communicating between MACE and ASE. We recommend using a different key, rewriting 'stress' to 'REF_stress'. You need to use --stress_key='REF_stress' to specify the chosen key name.
2025-04-05 11:08:00.230 INFO: Test file 1/1 [2888 configs, 2888 energy, 2888 forces, 2888 stresses] loaded from '../data/test.xyz'
2025-04-05 11:08:00.232 INFO: Total test set (2888 configs):
2025-04-05 11:08:00.234 INFO: Default_default: 2888 configs, 2888 energy, 2888 forces, 2888 stresses
2025-04-05 11:08:00.236 INFO: Total number of configurations: train=10969, valid=577, tests=[Default_default: 2888],
2025-04-05 11:08:00.237 INFO: ==================Using multiheads finetuning mode==================
2025-04-05 11:08:00.238 INFO: Using foundation model for multiheads finetuning with Materials Project data
2025-04-05 11:08:00.288 INFO: Using Materials Project dataset with /home/p.zanineli/.cache/mace/mp_traj_combinedxyz
2025-04-05 11:08:00.289 INFO: Using Materials Project descriptors with /home/p.zanineli/.cache/mace/descriptorsnpy
2025-04-05 11:08:00.486 INFO: CUDA version: 12.4, CUDA device: 0
2025-04-05 11:08:06.472 INFO: Filtering configurations based on the finetuning set, filtering type: combinations, elements: ['O' 'Zr']
2025-04-05 11:09:21.057 INFO: Number of configurations after filtering 58 is less than the number of samples 100000, selecting random configurations for the rest.
2025-04-05 11:09:25.340 INFO: Saving the selected configurations
2025-04-05 11:14:50.805 INFO: ===========VERIFYING SETTINGS===========
2025-04-05 11:14:50.806 INFO: MACE version: 0.3.12
2025-04-05 11:14:50.917 INFO: CUDA version: 12.4, CUDA device: 0
2025-04-05 11:14:51.673 INFO: Using foundation model pre-trained/mace-mp0a-small.model as initial checkpoint.
2025-04-05 11:14:51.677 INFO: Multihead finetuning mode, setting learning rate to 0.001 and EMA to True. To use a different learning rate, set --force_mh_ft_lr=True.
2025-04-05 11:14:51.678 INFO: Using multiheads finetuning mode, setting learning rate to 0.001 and EMA to True
2025-04-05 11:14:51.678 INFO: ===========LOADING INPUT DATA===========
2025-04-05 11:14:51.679 INFO: Using heads: ['default']
2025-04-05 11:14:51.680 INFO: =============    Processing head default     ===========
2025-04-05 11:14:56.446 WARNING: Since ASE version 3.23.0b1, using energy_key 'energy' is no longer safe when communicating between MACE and ASE. We recommend using a different key, rewriting 'energy' to 'REF_energy'. You need to use --energy_key='REF_energy' to specify the chosen key name.
2025-04-05 11:14:58.086 WARNING: Since ASE version 3.23.0b1, using forces_key 'forces' is no longer safe when communicating between MACE and ASE. We recommend using a different key, rewriting 'forces' to 'REF_forces'. You need to use --forces_key='REF_forces' to specify the chosen key name.
2025-04-05 11:14:59.764 WARNING: Since ASE version 3.23.0b1, using stress_key 'stress' is no longer safe when communicating between MACE and ASE. We recommend using a different key, rewriting 'stress' to 'REF_stress'. You need to use --stress_key='REF_stress' to specify the chosen key name.
2025-04-05 11:15:01.329 INFO: Training file 1/1 [11546 configs, 11546 energy, 11546 forces, 11546 stresses] loaded from '../data/train.xyz'
2025-04-05 11:15:01.334 INFO: Total training set [11546 configs, 11546 energy, 11546 forces, 11546 stresses]
2025-04-05 11:15:01.340 INFO: Using random 5% of training set for validation with indices saved in: ./valid_indices_3.txt
2025-04-05 11:15:01.342 INFO: Validation set contains 577 configurations [577 energy, 577 forces, 577 stresses]
2025-04-05 11:15:02.406 WARNING: Since ASE version 3.23.0b1, using energy_key 'energy' is no longer safe when communicating between MACE and ASE. We recommend using a different key, rewriting 'energy' to 'REF_energy'. You need to use --energy_key='REF_energy' to specify the chosen key name.
2025-04-05 11:15:02.823 WARNING: Since ASE version 3.23.0b1, using forces_key 'forces' is no longer safe when communicating between MACE and ASE. We recommend using a different key, rewriting 'forces' to 'REF_forces'. You need to use --forces_key='REF_forces' to specify the chosen key name.
2025-04-05 11:15:03.248 WARNING: Since ASE version 3.23.0b1, using stress_key 'stress' is no longer safe when communicating between MACE and ASE. We recommend using a different key, rewriting 'stress' to 'REF_stress'. You need to use --stress_key='REF_stress' to specify the chosen key name.
2025-04-05 11:15:03.655 INFO: Test file 1/1 [2888 configs, 2888 energy, 2888 forces, 2888 stresses] loaded from '../data/test.xyz'
2025-04-05 11:15:03.657 INFO: Total test set (2888 configs):
2025-04-05 11:15:03.659 INFO: Default_default: 2888 configs, 2888 energy, 2888 forces, 2888 stresses
2025-04-05 11:15:03.660 INFO: Total number of configurations: train=10969, valid=577, tests=[Default_default: 2888],
2025-04-05 11:15:03.661 INFO: ==================Using multiheads finetuning mode==================
2025-04-05 11:15:03.662 INFO: Using foundation model for multiheads finetuning with Materials Project data
2025-04-05 11:15:03.664 INFO: Using Materials Project dataset with /home/p.zanineli/.cache/mace/mp_traj_combinedxyz
2025-04-05 11:15:03.665 INFO: Using Materials Project descriptors with /home/p.zanineli/.cache/mace/descriptorsnpy
2025-04-05 11:15:03.793 INFO: CUDA version: 12.4, CUDA device: 0
2025-04-05 11:15:09.906 INFO: Filtering configurations based on the finetuning set, filtering type: combinations, elements: ['O' 'Zr']
2025-04-05 11:16:24.611 INFO: Number of configurations after filtering 58 is less than the number of samples 100000, selecting random configurations for the rest.
2025-04-05 11:16:28.879 INFO: Saving the selected configurations
2025-04-05 11:21:15.216 INFO: ===========VERIFYING SETTINGS===========
2025-04-05 11:21:15.217 INFO: MACE version: 0.3.12
2025-04-05 11:21:15.323 INFO: CUDA version: 12.4, CUDA device: 0
2025-04-05 11:21:16.073 INFO: Using foundation model pre-trained/mace-mp0a-small.model as initial checkpoint.
2025-04-05 11:21:16.076 INFO: Multihead finetuning mode, setting learning rate to 0.001 and EMA to True. To use a different learning rate, set --force_mh_ft_lr=True.
2025-04-05 11:21:16.077 INFO: Using multiheads finetuning mode, setting learning rate to 0.001 and EMA to True
2025-04-05 11:21:16.078 INFO: ===========LOADING INPUT DATA===========
2025-04-05 11:21:16.079 INFO: Using heads: ['default']
2025-04-05 11:21:16.080 INFO: =============    Processing head default     ===========
2025-04-05 11:21:20.848 WARNING: Since ASE version 3.23.0b1, using energy_key 'energy' is no longer safe when communicating between MACE and ASE. We recommend using a different key, rewriting 'energy' to 'REF_energy'. You need to use --energy_key='REF_energy' to specify the chosen key name.
2025-04-05 11:21:22.526 WARNING: Since ASE version 3.23.0b1, using forces_key 'forces' is no longer safe when communicating between MACE and ASE. We recommend using a different key, rewriting 'forces' to 'REF_forces'. You need to use --forces_key='REF_forces' to specify the chosen key name.
2025-04-05 11:21:24.236 WARNING: Since ASE version 3.23.0b1, using stress_key 'stress' is no longer safe when communicating between MACE and ASE. We recommend using a different key, rewriting 'stress' to 'REF_stress'. You need to use --stress_key='REF_stress' to specify the chosen key name.
2025-04-05 11:21:25.830 INFO: Training file 1/1 [11546 configs, 11546 energy, 11546 forces, 11546 stresses] loaded from '../data/train.xyz'
2025-04-05 11:21:25.835 INFO: Total training set [11546 configs, 11546 energy, 11546 forces, 11546 stresses]
2025-04-05 11:21:25.841 INFO: Using random 5% of training set for validation with indices saved in: ./valid_indices_3.txt
2025-04-05 11:21:25.842 INFO: Validation set contains 577 configurations [577 energy, 577 forces, 577 stresses]
2025-04-05 11:21:26.904 WARNING: Since ASE version 3.23.0b1, using energy_key 'energy' is no longer safe when communicating between MACE and ASE. We recommend using a different key, rewriting 'energy' to 'REF_energy'. You need to use --energy_key='REF_energy' to specify the chosen key name.
2025-04-05 11:21:27.327 WARNING: Since ASE version 3.23.0b1, using forces_key 'forces' is no longer safe when communicating between MACE and ASE. We recommend using a different key, rewriting 'forces' to 'REF_forces'. You need to use --forces_key='REF_forces' to specify the chosen key name.
2025-04-05 11:21:27.758 WARNING: Since ASE version 3.23.0b1, using stress_key 'stress' is no longer safe when communicating between MACE and ASE. We recommend using a different key, rewriting 'stress' to 'REF_stress'. You need to use --stress_key='REF_stress' to specify the chosen key name.
2025-04-05 11:21:28.174 INFO: Test file 1/1 [2888 configs, 2888 energy, 2888 forces, 2888 stresses] loaded from '../data/test.xyz'
2025-04-05 11:21:28.177 INFO: Total test set (2888 configs):
2025-04-05 11:21:28.179 INFO: Default_default: 2888 configs, 2888 energy, 2888 forces, 2888 stresses
2025-04-05 11:21:28.181 INFO: Total number of configurations: train=10969, valid=577, tests=[Default_default: 2888],
2025-04-05 11:21:28.182 INFO: ==================Using multiheads finetuning mode==================
2025-04-05 11:21:28.183 INFO: Using foundation model for multiheads finetuning with Materials Project data
2025-04-05 11:21:28.186 INFO: Using Materials Project dataset with /home/p.zanineli/.cache/mace/mp_traj_combinedxyz
2025-04-05 11:21:28.187 INFO: Using Materials Project descriptors with /home/p.zanineli/.cache/mace/descriptorsnpy
2025-04-05 11:21:28.328 INFO: CUDA version: 12.4, CUDA device: 0
2025-04-05 11:21:34.394 INFO: Filtering configurations based on the finetuning set, filtering type: combinations, elements: ['O' 'Zr']
2025-04-05 11:22:49.473 INFO: Number of configurations after filtering 58 is less than the number of samples 100000, selecting random configurations for the rest.
2025-04-05 11:22:53.704 INFO: Saving the selected configurations
2025-04-05 11:23:28.539 INFO: Saving a combined XYZ file
2025-04-05 11:25:04.982 WARNING: Since ASE version 3.23.0b1, using energy_key 'energy' is no longer safe when communicating between MACE and ASE. We recommend using a different key, rewriting 'energy' to 'REF_energy'. You need to use --energy_key='REF_energy' to specify the chosen key name.
2025-04-05 11:25:19.836 WARNING: Since ASE version 3.23.0b1, using forces_key 'forces' is no longer safe when communicating between MACE and ASE. We recommend using a different key, rewriting 'forces' to 'REF_forces'. You need to use --forces_key='REF_forces' to specify the chosen key name.
2025-04-05 11:25:34.915 WARNING: Since ASE version 3.23.0b1, using stress_key 'stress' is no longer safe when communicating between MACE and ASE. We recommend using a different key, rewriting 'stress' to 'REF_stress'. You need to use --stress_key='REF_stress' to specify the chosen key name.
2025-04-05 11:25:53.126 INFO: Training file 1/1 [100000 configs, 100000 energy, 100000 forces, 100000 stresses] loaded from 'mp_finetuning-fine-tuned/Opt_ZrO2_small_MACE_run-3.xyz'
2025-04-05 11:25:53.224 INFO: Total training set [100000 configs, 100000 energy, 100000 forces, 100000 stresses]
2025-04-05 11:25:53.232 INFO: Using random 5% of training set for validation with indices saved in: ./valid_indices_3.txt
2025-04-05 11:25:53.250 INFO: Validation set contains 5000 configurations [5000 energy, 5000 forces, 5000 stresses]
2025-04-05 11:25:53.252 INFO: Total number of configurations in pretraining: train=95000, valid=5000
2025-04-05 11:25:53.860 INFO: Atomic Numbers used: [1, 2, 3, 4, 5, 6, 7, 8, 9, 11, 12, 13, 14, 15, 16, 17, 18, 19, 20, 21, 22, 23, 24, 25, 26, 27, 28, 29, 30, 31, 32, 33, 34, 35, 36, 37, 38, 39, 40, 41, 42, 43, 44, 45, 46, 47, 48, 49, 50, 51, 52, 53, 54, 55, 56, 57, 58, 59, 60, 61, 62, 63, 64, 65, 66, 67, 68, 69, 70, 71, 72, 73, 74, 75, 76, 77, 78, 79, 80, 81, 82, 83, 89, 90, 91, 92, 93, 94]
2025-04-05 11:25:53.869 INFO: Atomic Energies used (z: eV) for head default: {8: -7.28459863421322, 40: -11.846857579882572}
2025-04-05 11:25:53.870 INFO: Atomic Energies used (z: eV) for head pt_head: {1: -3.667168021358939, 2: -1.3320953124042916, 3: -3.482100566595956, 4: -4.736697230897597, 5: -7.724935420523256, 6: -8.405573550273285, 7: -7.360100452662763, 8: -7.28459863421322, 9: -4.896490881731322, 11: -2.7593613569762425, 12: -2.814047612069227, 13: -4.846881245288104, 14: -7.694793133351899, 15: -6.9632957911820235, 16: -4.672630400190884, 17: -2.8116892814008096, 18: -0.06259504416367478, 19: -2.6176454856894793, 20: -5.390461060484104, 21: -7.8857952163517675, 22: -10.268392986214433, 23: -8.665147785496703, 24: -9.233050763772013, 25: -8.304951520770791, 26: -7.0489865771593765, 27: -5.577439766222147, 28: -5.172747618813715, 29: -3.2520726958619472, 30: -1.2901611618726314, 31: -3.527082192997912, 32: -4.70845955030298, 33: -3.9765109025623238, 34: -3.886231055836541, 35: -2.5184940099633986, 36: 6.766947645687137, 37: -2.5634958965928316, 38: -4.938005211501922, 39: -10.149818838085771, 40: -11.846857579882572, 41: -12.138896361658485, 42: -8.791678800595722, 43: -8.78694939675911, 44: -7.78093221529871, 45: -6.850021409115055, 46: -4.891019073240479, 47: -2.0634296773864045, 48: -0.6395695518943755, 49: -2.7887442084286693, 50: -3.818604275441892, 51: -3.587068329278862, 52: -2.8804045971118897, 53: -1.6355986842433357, 54: 9.846723842807721, 55: -2.765284507132287, 56: -4.990956432167774, 57: -8.933684809576345, 58: -8.735591176647514, 59: -8.018966025544966, 60: -8.251491970213372, 61: -7.591719594359237, 62: -8.169659881166858, 63: -13.592664636171698, 64: -18.517523458456985, 65: -7.647396572993602, 66: -8.122981037851925, 67: -7.607787319678067, 68: -6.85029094445494, 69: -7.8268821327130365, 70: -3.584786591677161, 71: -7.455406192077973, 72: -12.796283502572146, 73: -14.108127281277586, 74: -9.354916969477486, 75: -11.387537567890853, 76: -9.621909492152557, 77: -7.324393429417677, 78: -5.3046964808341945, 79: -2.380092582080244, 80: 0.24948924158195362, 81: -2.3239789120665026, 82: -3.730042357127322, 83: -3.438792347649683, 89: -5.062878214511315, 90: -11.02462566385297, 91: -12.265613551943261, 92: -13.855648206100362, 93: -14.933092020258243, 94: -15.282826131998245}
2025-04-05 11:25:53.871 INFO: Processing datasets for head 'default'
2025-04-05 11:26:20.066 INFO: Combining 1 list datasets for head 'default'
2025-04-05 11:26:21.092 INFO: Head 'default' training dataset size: 10969
2025-04-05 11:26:21.098 INFO: Processing datasets for head 'pt_head'
2025-04-05 11:28:41.852 INFO: Combining 1 list datasets for head 'pt_head'
2025-04-05 11:28:50.287 INFO: Head 'pt_head' training dataset size: 95000
2025-04-05 11:28:50.288 INFO: Average number of neighbors: 61.964672446250916
2025-04-05 11:28:50.289 INFO: During training the following quantities will be reported: energy, forces, virials, stress
2025-04-05 11:28:50.290 INFO: ===========MODEL DETAILS===========
2025-04-05 11:30:24.476 INFO: Loading FOUNDATION model
2025-04-05 11:30:24.483 INFO: Using filtered elements: [1, 2, 3, 4, 5, 6, 7, 8, 9, 11, 12, 13, 14, 15, 16, 17, 18, 19, 20, 21, 22, 23, 24, 25, 26, 27, 28, 29, 30, 31, 32, 33, 34, 35, 36, 37, 38, 39, 40, 41, 42, 43, 44, 45, 46, 47, 48, 49, 50, 51, 52, 53, 54, 55, 56, 57, 58, 59, 60, 61, 62, 63, 64, 65, 66, 67, 68, 69, 70, 71, 72, 73, 74, 75, 76, 77, 78, 79, 80, 81, 82, 83, 89, 90, 91, 92, 93, 94]
2025-04-05 11:30:24.488 INFO: Model configuration extracted from foundation model
2025-04-05 11:30:24.494 INFO: Using universal loss function for fine-tuning
2025-04-05 11:30:24.501 INFO: Message passing with hidden irreps 128x0e)
2025-04-05 11:30:24.505 INFO: 2 layers, each with correlation order: 3 (body order: 4) and spherical harmonics up to: l=3
2025-04-05 11:30:24.511 INFO: Radial cutoff: 6.0 A (total receptive field for each atom: 12.0 A)
2025-04-05 11:30:24.511 INFO: Distance transform for radial basis functions: None
2025-04-05 11:30:26.636 INFO: Total number of parameters: 3809866
2025-04-05 11:30:26.637 INFO: 
2025-04-05 11:30:26.638 INFO: ===========OPTIMIZER INFORMATION===========
2025-04-05 11:30:26.639 INFO: Using ADAM as parameter optimizer
2025-04-05 11:30:26.640 INFO: Batch size: 2
2025-04-05 11:30:26.641 INFO: Using Exponential Moving Average with decay: 0.99999
2025-04-05 11:30:26.642 INFO: Number of gradient updates: 317907
2025-04-05 11:30:26.643 INFO: Learning rate: 0.0001, weight decay: 5e-07
2025-04-05 11:30:26.644 INFO: UniversalLoss(energy_weight=1.000, forces_weight=1.000, stress_weight=1.000)
2025-04-05 11:30:26.648 INFO: Using gradient clipping with tolerance=10.000
2025-04-05 11:30:26.649 INFO: 
2025-04-05 11:30:26.650 INFO: ===========TRAINING===========
2025-04-05 11:30:26.651 INFO: Started training, reporting errors on validation set
2025-04-05 11:30:26.652 INFO: Loss metrics on validation set
2025-04-05 11:46:42.148 INFO: ===========VERIFYING SETTINGS===========
2025-04-05 11:46:42.149 INFO: MACE version: 0.3.12
2025-04-05 11:46:42.255 INFO: CUDA version: 12.4, CUDA device: 0
2025-04-05 11:46:42.935 INFO: Using foundation model pre-trained/mace-mp0a-small.model as initial checkpoint.
2025-04-05 11:46:42.938 INFO: Multihead finetuning mode, setting learning rate to 0.001 and EMA to True. To use a different learning rate, set --force_mh_ft_lr=True.
2025-04-05 11:46:42.939 INFO: Using multiheads finetuning mode, setting learning rate to 0.001 and EMA to True
2025-04-05 11:46:42.940 INFO: ===========LOADING INPUT DATA===========
2025-04-05 11:46:42.941 INFO: Using heads: ['default']
2025-04-05 11:46:42.942 INFO: =============    Processing head default     ===========
2025-04-05 11:46:47.704 WARNING: Since ASE version 3.23.0b1, using energy_key 'energy' is no longer safe when communicating between MACE and ASE. We recommend using a different key, rewriting 'energy' to 'REF_energy'. You need to use --energy_key='REF_energy' to specify the chosen key name.
2025-04-05 11:46:49.339 WARNING: Since ASE version 3.23.0b1, using forces_key 'forces' is no longer safe when communicating between MACE and ASE. We recommend using a different key, rewriting 'forces' to 'REF_forces'. You need to use --forces_key='REF_forces' to specify the chosen key name.
2025-04-05 11:46:51.003 WARNING: Since ASE version 3.23.0b1, using stress_key 'stress' is no longer safe when communicating between MACE and ASE. We recommend using a different key, rewriting 'stress' to 'REF_stress'. You need to use --stress_key='REF_stress' to specify the chosen key name.
2025-04-05 11:46:52.574 INFO: Training file 1/1 [11546 configs, 11546 energy, 11546 forces, 11546 stresses] loaded from '../data/train.xyz'
2025-04-05 11:46:52.579 INFO: Total training set [11546 configs, 11546 energy, 11546 forces, 11546 stresses]
2025-04-05 11:46:52.585 INFO: Using random 5% of training set for validation with indices saved in: ./valid_indices_3.txt
2025-04-05 11:46:52.586 INFO: Validation set contains 577 configurations [577 energy, 577 forces, 577 stresses]
2025-04-05 11:46:53.650 WARNING: Since ASE version 3.23.0b1, using energy_key 'energy' is no longer safe when communicating between MACE and ASE. We recommend using a different key, rewriting 'energy' to 'REF_energy'. You need to use --energy_key='REF_energy' to specify the chosen key name.
2025-04-05 11:46:54.064 WARNING: Since ASE version 3.23.0b1, using forces_key 'forces' is no longer safe when communicating between MACE and ASE. We recommend using a different key, rewriting 'forces' to 'REF_forces'. You need to use --forces_key='REF_forces' to specify the chosen key name.
2025-04-05 11:46:54.489 WARNING: Since ASE version 3.23.0b1, using stress_key 'stress' is no longer safe when communicating between MACE and ASE. We recommend using a different key, rewriting 'stress' to 'REF_stress'. You need to use --stress_key='REF_stress' to specify the chosen key name.
2025-04-05 11:46:54.891 INFO: Test file 1/1 [2888 configs, 2888 energy, 2888 forces, 2888 stresses] loaded from '../data/test.xyz'
2025-04-05 11:46:54.893 INFO: Total test set (2888 configs):
2025-04-05 11:46:54.896 INFO: Default_default: 2888 configs, 2888 energy, 2888 forces, 2888 stresses
2025-04-05 11:46:54.897 INFO: Total number of configurations: train=10969, valid=577, tests=[Default_default: 2888],
2025-04-05 11:46:54.898 INFO: ==================Using multiheads finetuning mode==================
2025-04-05 11:46:54.899 INFO: Using foundation model for multiheads finetuning with Materials Project data
2025-04-05 11:46:54.901 INFO: Using Materials Project dataset with /home/p.zanineli/.cache/mace/mp_traj_combinedxyz
2025-04-05 11:46:54.902 INFO: Using Materials Project descriptors with /home/p.zanineli/.cache/mace/descriptorsnpy
2025-04-05 11:46:55.034 INFO: CUDA version: 12.4, CUDA device: 0
2025-04-05 11:47:01.053 INFO: Filtering configurations based on the finetuning set, filtering type: combinations, elements: ['O' 'Zr']
2025-04-05 11:48:15.754 INFO: Number of configurations after filtering 58 is less than the number of samples 100000, selecting random configurations for the rest.
2025-04-05 11:48:20.068 INFO: Saving the selected configurations
2025-04-05 11:48:54.443 INFO: Saving a combined XYZ file
2025-04-05 11:50:29.541 WARNING: Since ASE version 3.23.0b1, using energy_key 'energy' is no longer safe when communicating between MACE and ASE. We recommend using a different key, rewriting 'energy' to 'REF_energy'. You need to use --energy_key='REF_energy' to specify the chosen key name.
2025-04-05 11:50:44.430 WARNING: Since ASE version 3.23.0b1, using forces_key 'forces' is no longer safe when communicating between MACE and ASE. We recommend using a different key, rewriting 'forces' to 'REF_forces'. You need to use --forces_key='REF_forces' to specify the chosen key name.
2025-04-05 11:50:59.402 WARNING: Since ASE version 3.23.0b1, using stress_key 'stress' is no longer safe when communicating between MACE and ASE. We recommend using a different key, rewriting 'stress' to 'REF_stress'. You need to use --stress_key='REF_stress' to specify the chosen key name.
2025-04-05 11:51:17.319 INFO: Training file 1/1 [100000 configs, 100000 energy, 100000 forces, 100000 stresses] loaded from 'mp_finetuning-fine-tuned/Opt_ZrO2_small_MACE_run-3.xyz'
2025-04-05 11:51:17.421 INFO: Total training set [100000 configs, 100000 energy, 100000 forces, 100000 stresses]
2025-04-05 11:51:17.431 INFO: Using random 5% of training set for validation with indices saved in: ./valid_indices_3.txt
2025-04-05 11:51:17.448 INFO: Validation set contains 5000 configurations [5000 energy, 5000 forces, 5000 stresses]
2025-04-05 11:51:17.451 INFO: Total number of configurations in pretraining: train=95000, valid=5000
2025-04-05 11:51:18.088 INFO: Atomic Numbers used: [1, 2, 3, 4, 5, 6, 7, 8, 9, 11, 12, 13, 14, 15, 16, 17, 18, 19, 20, 21, 22, 23, 24, 25, 26, 27, 28, 29, 30, 31, 32, 33, 34, 35, 36, 37, 38, 39, 40, 41, 42, 43, 44, 45, 46, 47, 48, 49, 50, 51, 52, 53, 54, 55, 56, 57, 58, 59, 60, 61, 62, 63, 64, 65, 66, 67, 68, 69, 70, 71, 72, 73, 74, 75, 76, 77, 78, 79, 80, 81, 82, 83, 89, 90, 91, 92, 93, 94]
2025-04-05 11:51:18.098 INFO: Atomic Energies used (z: eV) for head default: {8: -7.28459863421322, 40: -11.846857579882572}
2025-04-05 11:51:18.099 INFO: Atomic Energies used (z: eV) for head pt_head: {1: -3.667168021358939, 2: -1.3320953124042916, 3: -3.482100566595956, 4: -4.736697230897597, 5: -7.724935420523256, 6: -8.405573550273285, 7: -7.360100452662763, 8: -7.28459863421322, 9: -4.896490881731322, 11: -2.7593613569762425, 12: -2.814047612069227, 13: -4.846881245288104, 14: -7.694793133351899, 15: -6.9632957911820235, 16: -4.672630400190884, 17: -2.8116892814008096, 18: -0.06259504416367478, 19: -2.6176454856894793, 20: -5.390461060484104, 21: -7.8857952163517675, 22: -10.268392986214433, 23: -8.665147785496703, 24: -9.233050763772013, 25: -8.304951520770791, 26: -7.0489865771593765, 27: -5.577439766222147, 28: -5.172747618813715, 29: -3.2520726958619472, 30: -1.2901611618726314, 31: -3.527082192997912, 32: -4.70845955030298, 33: -3.9765109025623238, 34: -3.886231055836541, 35: -2.5184940099633986, 36: 6.766947645687137, 37: -2.5634958965928316, 38: -4.938005211501922, 39: -10.149818838085771, 40: -11.846857579882572, 41: -12.138896361658485, 42: -8.791678800595722, 43: -8.78694939675911, 44: -7.78093221529871, 45: -6.850021409115055, 46: -4.891019073240479, 47: -2.0634296773864045, 48: -0.6395695518943755, 49: -2.7887442084286693, 50: -3.818604275441892, 51: -3.587068329278862, 52: -2.8804045971118897, 53: -1.6355986842433357, 54: 9.846723842807721, 55: -2.765284507132287, 56: -4.990956432167774, 57: -8.933684809576345, 58: -8.735591176647514, 59: -8.018966025544966, 60: -8.251491970213372, 61: -7.591719594359237, 62: -8.169659881166858, 63: -13.592664636171698, 64: -18.517523458456985, 65: -7.647396572993602, 66: -8.122981037851925, 67: -7.607787319678067, 68: -6.85029094445494, 69: -7.8268821327130365, 70: -3.584786591677161, 71: -7.455406192077973, 72: -12.796283502572146, 73: -14.108127281277586, 74: -9.354916969477486, 75: -11.387537567890853, 76: -9.621909492152557, 77: -7.324393429417677, 78: -5.3046964808341945, 79: -2.380092582080244, 80: 0.24948924158195362, 81: -2.3239789120665026, 82: -3.730042357127322, 83: -3.438792347649683, 89: -5.062878214511315, 90: -11.02462566385297, 91: -12.265613551943261, 92: -13.855648206100362, 93: -14.933092020258243, 94: -15.282826131998245}
2025-04-05 11:51:18.100 INFO: Processing datasets for head 'default'
2025-04-05 11:51:44.099 INFO: Combining 1 list datasets for head 'default'
2025-04-05 11:51:45.129 INFO: Head 'default' training dataset size: 10969
2025-04-05 11:51:45.135 INFO: Processing datasets for head 'pt_head'
2025-04-05 11:54:05.710 INFO: Combining 1 list datasets for head 'pt_head'
2025-04-05 11:54:14.139 INFO: Head 'pt_head' training dataset size: 95000
2025-04-05 11:54:14.141 INFO: Average number of neighbors: 61.964672446250916
2025-04-05 11:54:14.142 INFO: During training the following quantities will be reported: energy, forces, virials, stress
2025-04-05 11:54:14.142 INFO: ===========MODEL DETAILS===========
2025-04-05 11:55:46.989 INFO: Loading FOUNDATION model
2025-04-05 11:55:46.996 INFO: Using filtered elements: [1, 2, 3, 4, 5, 6, 7, 8, 9, 11, 12, 13, 14, 15, 16, 17, 18, 19, 20, 21, 22, 23, 24, 25, 26, 27, 28, 29, 30, 31, 32, 33, 34, 35, 36, 37, 38, 39, 40, 41, 42, 43, 44, 45, 46, 47, 48, 49, 50, 51, 52, 53, 54, 55, 56, 57, 58, 59, 60, 61, 62, 63, 64, 65, 66, 67, 68, 69, 70, 71, 72, 73, 74, 75, 76, 77, 78, 79, 80, 81, 82, 83, 89, 90, 91, 92, 93, 94]
2025-04-05 11:55:47.001 INFO: Model configuration extracted from foundation model
2025-04-05 11:55:47.007 INFO: Using universal loss function for fine-tuning
2025-04-05 11:55:47.012 INFO: Message passing with hidden irreps 128x0e)
2025-04-05 11:55:47.017 INFO: 2 layers, each with correlation order: 3 (body order: 4) and spherical harmonics up to: l=3
2025-04-05 11:55:47.022 INFO: Radial cutoff: 6.0 A (total receptive field for each atom: 12.0 A)
2025-04-05 11:55:47.023 INFO: Distance transform for radial basis functions: None
2025-04-05 11:55:48.838 INFO: Total number of parameters: 3809866
2025-04-05 11:55:48.839 INFO: 
2025-04-05 11:55:48.840 INFO: ===========OPTIMIZER INFORMATION===========
2025-04-05 11:55:48.841 INFO: Using ADAM as parameter optimizer
2025-04-05 11:55:48.841 INFO: Batch size: 2
2025-04-05 11:55:48.842 INFO: Using Exponential Moving Average with decay: 0.99999
2025-04-05 11:55:48.843 INFO: Number of gradient updates: 317907
2025-04-05 11:55:48.844 INFO: Learning rate: 0.0001, weight decay: 5e-07
2025-04-05 11:55:48.845 INFO: UniversalLoss(energy_weight=1.000, forces_weight=1.000, stress_weight=1.000)
2025-04-05 11:55:48.847 INFO: Using gradient clipping with tolerance=10.000
2025-04-05 11:55:48.848 INFO: 
2025-04-05 11:55:48.849 INFO: ===========TRAINING===========
2025-04-05 11:55:48.850 INFO: Started training, reporting errors on validation set
2025-04-05 11:55:48.851 INFO: Loss metrics on validation set
2025-04-05 12:09:02.526 INFO: ===========VERIFYING SETTINGS===========
2025-04-05 12:09:02.527 INFO: MACE version: 0.3.12
2025-04-05 12:09:02.638 INFO: CUDA version: 12.4, CUDA device: 0
2025-04-05 12:09:03.403 INFO: Using foundation model pre-trained/mace-mp0a-small.model as initial checkpoint.
2025-04-05 12:09:03.409 INFO: Multihead finetuning mode, setting learning rate to 0.001 and EMA to True. To use a different learning rate, set --force_mh_ft_lr=True.
2025-04-05 12:09:03.410 INFO: Using multiheads finetuning mode, setting learning rate to 0.001 and EMA to True
2025-04-05 12:09:03.411 INFO: ===========LOADING INPUT DATA===========
2025-04-05 12:09:03.412 INFO: Using heads: ['default']
2025-04-05 12:09:03.412 INFO: =============    Processing head default     ===========
2025-04-05 12:09:08.192 WARNING: Since ASE version 3.23.0b1, using energy_key 'energy' is no longer safe when communicating between MACE and ASE. We recommend using a different key, rewriting 'energy' to 'REF_energy'. You need to use --energy_key='REF_energy' to specify the chosen key name.
2025-04-05 12:09:09.822 WARNING: Since ASE version 3.23.0b1, using forces_key 'forces' is no longer safe when communicating between MACE and ASE. We recommend using a different key, rewriting 'forces' to 'REF_forces'. You need to use --forces_key='REF_forces' to specify the chosen key name.
2025-04-05 12:09:11.487 WARNING: Since ASE version 3.23.0b1, using stress_key 'stress' is no longer safe when communicating between MACE and ASE. We recommend using a different key, rewriting 'stress' to 'REF_stress'. You need to use --stress_key='REF_stress' to specify the chosen key name.
2025-04-05 12:09:13.080 INFO: Training file 1/1 [11546 configs, 11546 energy, 11546 forces, 11546 stresses] loaded from '../data/train.xyz'
2025-04-05 12:09:13.086 INFO: Total training set [11546 configs, 11546 energy, 11546 forces, 11546 stresses]
2025-04-05 12:09:13.092 INFO: Using random 5% of training set for validation with indices saved in: ./valid_indices_3.txt
2025-04-05 12:09:13.094 INFO: Validation set contains 577 configurations [577 energy, 577 forces, 577 stresses]
2025-04-05 12:09:14.164 WARNING: Since ASE version 3.23.0b1, using energy_key 'energy' is no longer safe when communicating between MACE and ASE. We recommend using a different key, rewriting 'energy' to 'REF_energy'. You need to use --energy_key='REF_energy' to specify the chosen key name.
2025-04-05 12:09:14.583 WARNING: Since ASE version 3.23.0b1, using forces_key 'forces' is no longer safe when communicating between MACE and ASE. We recommend using a different key, rewriting 'forces' to 'REF_forces'. You need to use --forces_key='REF_forces' to specify the chosen key name.
2025-04-05 12:09:15.011 WARNING: Since ASE version 3.23.0b1, using stress_key 'stress' is no longer safe when communicating between MACE and ASE. We recommend using a different key, rewriting 'stress' to 'REF_stress'. You need to use --stress_key='REF_stress' to specify the chosen key name.
2025-04-05 12:09:15.406 INFO: Test file 1/1 [2888 configs, 2888 energy, 2888 forces, 2888 stresses] loaded from '../data/test.xyz'
2025-04-05 12:09:15.408 INFO: Total test set (2888 configs):
2025-04-05 12:09:15.411 INFO: Default_default: 2888 configs, 2888 energy, 2888 forces, 2888 stresses
2025-04-05 12:09:15.412 INFO: Total number of configurations: train=10969, valid=577, tests=[Default_default: 2888],
2025-04-05 12:09:15.414 INFO: ==================Using multiheads finetuning mode==================
2025-04-05 12:09:15.415 INFO: Using foundation model for multiheads finetuning with Materials Project data
2025-04-05 12:09:15.417 INFO: Using Materials Project dataset with /home/p.zanineli/.cache/mace/mp_traj_combinedxyz
2025-04-05 12:09:15.418 INFO: Using Materials Project descriptors with /home/p.zanineli/.cache/mace/descriptorsnpy
2025-04-05 12:09:15.554 INFO: CUDA version: 12.4, CUDA device: 0
2025-04-05 12:09:21.564 INFO: Filtering configurations based on the finetuning set, filtering type: combinations, elements: ['O' 'Zr']
2025-04-05 12:10:36.254 INFO: Number of configurations after filtering 58 is less than the number of samples 100000, selecting random configurations for the rest.
2025-04-05 12:10:40.525 INFO: Saving the selected configurations
2025-04-05 12:11:14.637 INFO: Saving a combined XYZ file
2025-04-05 12:12:49.595 WARNING: Since ASE version 3.23.0b1, using energy_key 'energy' is no longer safe when communicating between MACE and ASE. We recommend using a different key, rewriting 'energy' to 'REF_energy'. You need to use --energy_key='REF_energy' to specify the chosen key name.
2025-04-05 12:13:04.162 WARNING: Since ASE version 3.23.0b1, using forces_key 'forces' is no longer safe when communicating between MACE and ASE. We recommend using a different key, rewriting 'forces' to 'REF_forces'. You need to use --forces_key='REF_forces' to specify the chosen key name.
2025-04-05 12:13:18.900 WARNING: Since ASE version 3.23.0b1, using stress_key 'stress' is no longer safe when communicating between MACE and ASE. We recommend using a different key, rewriting 'stress' to 'REF_stress'. You need to use --stress_key='REF_stress' to specify the chosen key name.
2025-04-05 12:13:36.707 INFO: Training file 1/1 [100000 configs, 100000 energy, 100000 forces, 100000 stresses] loaded from 'mp_finetuning-fine-tuned/Opt_ZrO2_small_MACE_run-3.xyz'
2025-04-05 12:13:36.798 INFO: Total training set [100000 configs, 100000 energy, 100000 forces, 100000 stresses]
2025-04-05 12:13:36.806 INFO: Using random 5% of training set for validation with indices saved in: ./valid_indices_3.txt
2025-04-05 12:13:36.824 INFO: Validation set contains 5000 configurations [5000 energy, 5000 forces, 5000 stresses]
2025-04-05 12:13:36.827 INFO: Total number of configurations in pretraining: train=95000, valid=5000
2025-04-05 12:13:37.475 INFO: Atomic Numbers used: [1, 2, 3, 4, 5, 6, 7, 8, 9, 11, 12, 13, 14, 15, 16, 17, 18, 19, 20, 21, 22, 23, 24, 25, 26, 27, 28, 29, 30, 31, 32, 33, 34, 35, 36, 37, 38, 39, 40, 41, 42, 43, 44, 45, 46, 47, 48, 49, 50, 51, 52, 53, 54, 55, 56, 57, 58, 59, 60, 61, 62, 63, 64, 65, 66, 67, 68, 69, 70, 71, 72, 73, 74, 75, 76, 77, 78, 79, 80, 81, 82, 83, 89, 90, 91, 92, 93, 94]
2025-04-05 12:13:37.485 INFO: Atomic Energies used (z: eV) for head default: {8: -7.28459863421322, 40: -11.846857579882572}
2025-04-05 12:13:37.486 INFO: Atomic Energies used (z: eV) for head pt_head: {1: -3.667168021358939, 2: -1.3320953124042916, 3: -3.482100566595956, 4: -4.736697230897597, 5: -7.724935420523256, 6: -8.405573550273285, 7: -7.360100452662763, 8: -7.28459863421322, 9: -4.896490881731322, 11: -2.7593613569762425, 12: -2.814047612069227, 13: -4.846881245288104, 14: -7.694793133351899, 15: -6.9632957911820235, 16: -4.672630400190884, 17: -2.8116892814008096, 18: -0.06259504416367478, 19: -2.6176454856894793, 20: -5.390461060484104, 21: -7.8857952163517675, 22: -10.268392986214433, 23: -8.665147785496703, 24: -9.233050763772013, 25: -8.304951520770791, 26: -7.0489865771593765, 27: -5.577439766222147, 28: -5.172747618813715, 29: -3.2520726958619472, 30: -1.2901611618726314, 31: -3.527082192997912, 32: -4.70845955030298, 33: -3.9765109025623238, 34: -3.886231055836541, 35: -2.5184940099633986, 36: 6.766947645687137, 37: -2.5634958965928316, 38: -4.938005211501922, 39: -10.149818838085771, 40: -11.846857579882572, 41: -12.138896361658485, 42: -8.791678800595722, 43: -8.78694939675911, 44: -7.78093221529871, 45: -6.850021409115055, 46: -4.891019073240479, 47: -2.0634296773864045, 48: -0.6395695518943755, 49: -2.7887442084286693, 50: -3.818604275441892, 51: -3.587068329278862, 52: -2.8804045971118897, 53: -1.6355986842433357, 54: 9.846723842807721, 55: -2.765284507132287, 56: -4.990956432167774, 57: -8.933684809576345, 58: -8.735591176647514, 59: -8.018966025544966, 60: -8.251491970213372, 61: -7.591719594359237, 62: -8.169659881166858, 63: -13.592664636171698, 64: -18.517523458456985, 65: -7.647396572993602, 66: -8.122981037851925, 67: -7.607787319678067, 68: -6.85029094445494, 69: -7.8268821327130365, 70: -3.584786591677161, 71: -7.455406192077973, 72: -12.796283502572146, 73: -14.108127281277586, 74: -9.354916969477486, 75: -11.387537567890853, 76: -9.621909492152557, 77: -7.324393429417677, 78: -5.3046964808341945, 79: -2.380092582080244, 80: 0.24948924158195362, 81: -2.3239789120665026, 82: -3.730042357127322, 83: -3.438792347649683, 89: -5.062878214511315, 90: -11.02462566385297, 91: -12.265613551943261, 92: -13.855648206100362, 93: -14.933092020258243, 94: -15.282826131998245}
2025-04-05 12:13:37.487 INFO: Processing datasets for head 'default'
2025-04-05 12:14:03.420 INFO: Combining 1 list datasets for head 'default'
2025-04-05 12:14:04.450 INFO: Head 'default' training dataset size: 10969
2025-04-05 12:14:04.456 INFO: Processing datasets for head 'pt_head'
2025-04-05 12:16:25.051 INFO: Combining 1 list datasets for head 'pt_head'
2025-04-05 12:16:33.529 INFO: Head 'pt_head' training dataset size: 95000
2025-04-05 12:16:33.531 INFO: Average number of neighbors: 61.964672446250916
2025-04-05 12:16:33.532 INFO: During training the following quantities will be reported: energy, forces, virials, stress
2025-04-05 12:16:33.533 INFO: ===========MODEL DETAILS===========
2025-04-05 12:18:07.530 INFO: Loading FOUNDATION model
2025-04-05 12:18:07.537 INFO: Using filtered elements: [1, 2, 3, 4, 5, 6, 7, 8, 9, 11, 12, 13, 14, 15, 16, 17, 18, 19, 20, 21, 22, 23, 24, 25, 26, 27, 28, 29, 30, 31, 32, 33, 34, 35, 36, 37, 38, 39, 40, 41, 42, 43, 44, 45, 46, 47, 48, 49, 50, 51, 52, 53, 54, 55, 56, 57, 58, 59, 60, 61, 62, 63, 64, 65, 66, 67, 68, 69, 70, 71, 72, 73, 74, 75, 76, 77, 78, 79, 80, 81, 82, 83, 89, 90, 91, 92, 93, 94]
2025-04-05 12:18:07.546 INFO: Model configuration extracted from foundation model
2025-04-05 12:18:07.551 INFO: Using universal loss function for fine-tuning
2025-04-05 12:18:07.556 INFO: Message passing with hidden irreps 128x0e)
2025-04-05 12:18:07.562 INFO: 2 layers, each with correlation order: 3 (body order: 4) and spherical harmonics up to: l=3
2025-04-05 12:18:07.565 INFO: Radial cutoff: 6.0 A (total receptive field for each atom: 12.0 A)
2025-04-05 12:18:07.566 INFO: Distance transform for radial basis functions: None
2025-04-05 12:18:09.406 INFO: Total number of parameters: 3809866
2025-04-05 12:18:09.407 INFO: 
2025-04-05 12:18:09.408 INFO: ===========OPTIMIZER INFORMATION===========
2025-04-05 12:18:09.408 INFO: Using ADAM as parameter optimizer
2025-04-05 12:18:09.409 INFO: Batch size: 2
2025-04-05 12:18:09.410 INFO: Using Exponential Moving Average with decay: 0.99999
2025-04-05 12:18:09.410 INFO: Number of gradient updates: 317907
2025-04-05 12:18:09.411 INFO: Learning rate: 0.0001, weight decay: 5e-07
2025-04-05 12:18:09.412 INFO: UniversalLoss(energy_weight=1.000, forces_weight=1.000, stress_weight=1.000)
2025-04-05 12:18:09.415 INFO: Using gradient clipping with tolerance=10.000
2025-04-05 12:18:09.416 INFO: 
2025-04-05 12:18:09.416 INFO: ===========TRAINING===========
2025-04-05 12:18:09.417 INFO: Started training, reporting errors on validation set
2025-04-05 12:18:09.418 INFO: Loss metrics on validation set
2025-04-05 12:19:03.155 INFO: Initial: head: pt_head, loss=0.00007839, RMSE_E_per_atom=   73.89 meV, RMSE_F=  161.54 meV / A, RMSE_stress=   16.47 meV / A^3
2025-04-05 12:19:09.263 INFO: Initial: head: default, loss=0.00365687, RMSE_E_per_atom=   95.60 meV, RMSE_F=  442.02 meV / A, RMSE_stress=17590.01 meV / A^3
2025-04-05 13:22:32.092 INFO: Epoch 0: head: pt_head, loss=0.00008460, RMSE_E_per_atom=   81.56 meV, RMSE_F=  336.83 meV / A, RMSE_stress=   17.11 meV / A^3
2025-04-05 13:22:38.181 INFO: Epoch 0: head: default, loss=0.00336303, RMSE_E_per_atom=   19.09 meV, RMSE_F=  170.36 meV / A, RMSE_stress=17587.88 meV / A^3
