2025-04-02 09:54:25.346 INFO: ===========VERIFYING SETTINGS===========
2025-04-02 09:54:25.347 INFO: MACE version: 0.3.12
2025-04-02 09:54:25.348 DEBUG: Configuration: Namespace(config=None, name='Opt_ZrO2_small_MACE', seed=3, work_dir='.', log_dir='./logs', model_dir='.', checkpoints_dir='./checkpoints', results_dir='./results', downloads_dir='./downloads', device='cuda', default_dtype='float64', distributed=False, log_level='INFO', plot=True, plot_frequency=0, error_table='PerAtomRMSE', model='MACE', r_max=5.0, radial_type='bessel', num_radial_basis=8, num_cutoff_basis=5, pair_repulsion=False, distance_transform='None', interaction='RealAgnosticResidualInteractionBlock', interaction_first='RealAgnosticResidualInteractionBlock', max_ell=3, correlation=3, num_interactions=2, MLP_irreps='16x0e', radial_MLP='[64, 64, 64]', hidden_irreps='128x0e + 128x1o', num_channels=128, max_L=1, gate='silu', scaling='rms_forces_scaling', avg_num_neighbors=1, compute_avg_num_neighbors=True, compute_stress=False, compute_forces=True, train_file='../data/train.xyz', valid_file=None, valid_fraction=0.05, test_file='../data/test.xyz', test_dir=None, multi_processed_test=False, num_workers=0, pin_memory=True, atomic_numbers=None, mean=None, std=None, statistics_file=None, E0s='average', foundation_filter_elements=True, heads=None, multiheads_finetuning=False, foundation_head=None, weight_pt_head=1.0, num_samples_pt=10000, force_mh_ft_lr=False, subselect_pt='random', pt_train_file=None, pt_valid_file=None, foundation_model_elements=False, keep_isolated_atoms=False, energy_key='REF_energy', forces_key='REF_forces', virials_key='REF_virials', stress_key='REF_stress', dipole_key='REF_dipole', charges_key='REF_charges', pt_energy_key=None, pt_forces_key=None, pt_virials_key=None, pt_stress_key=None, pt_dipole_key=None, pt_charges_key=None, loss='weighted', forces_weight=1.0, swa_forces_weight=100.0, energy_weight=1.0, swa_energy_weight=1000.0, virials_weight=1.0, swa_virials_weight=10.0, stress_weight=1.0, swa_stress_weight=10.0, dipole_weight=1.0, swa_dipole_weight=1.0, config_type_weights='{"Default":1.0}', huber_delta=0.01, optimizer='adam', beta=0.9, batch_size=2, valid_batch_size=10, lr=0.01, swa_lr=0.001, weight_decay=5e-07, amsgrad=True, scheduler='ReduceLROnPlateau', lr_factor=0.8, scheduler_patience=50, lr_scheduler_gamma=0.9993, swa=False, start_swa=None, ema=True, ema_decay=0.99, max_num_epochs=6, patience=2048, foundation_model='small', foundation_model_readout=True, eval_interval=1, keep_checkpoints=False, save_all_checkpoints=False, restart_latest=False, save_cpu=False, clip_grad=10.0, enable_cueq=False, wandb=False, wandb_dir=None, wandb_project='', wandb_entity='', wandb_name='', wandb_log_hypers=['num_channels', 'max_L', 'correlation', 'lr', 'swa_lr', 'weight_decay', 'batch_size', 'max_num_epochs', 'start_swa', 'energy_weight', 'forces_weight'])
2025-04-02 09:54:25.462 INFO: CUDA version: 12.4, CUDA device: 0
2025-04-02 09:54:25.880 DEBUG: Popen(['git', 'version'], cwd=/mnt/beegfs/home/p.zanineli/work/fine-tuning/naive, stdin=None, shell=False, universal_newlines=False)
2025-04-02 09:54:25.970 DEBUG: Popen(['git', 'version'], cwd=/mnt/beegfs/home/p.zanineli/work/fine-tuning/naive, stdin=None, shell=False, universal_newlines=False)
2025-04-02 09:54:26.099 DEBUG: Error accessing Git repository: /mnt/beegfs/home/p.zanineli/work/fine-tuning/naive
2025-04-02 09:54:26.100 INFO: Using foundation model mace-mp-0 small as initial checkpoint.
2025-04-02 09:54:26.480 INFO: CUDA version: 12.4, CUDA device: 0
2025-04-02 09:54:26.486 INFO: ===========LOADING INPUT DATA===========
2025-04-02 09:54:26.487 INFO: Using heads: ['default']
2025-04-02 09:54:26.488 INFO: =============    Processing head default     ===========
2025-04-02 09:54:26.490 DEBUG: Loading training file: ../data/train.xyz
2025-04-02 09:54:26.491 DEBUG: Using keys: energy=REF_energy, forces=REF_forces, stress=REF_stress, virials=REF_virials, dipole=REF_dipole, charges=REF_charges
2025-04-02 09:54:31.641 INFO: Training file 1/1 [11546 configs, 0 energy, 11546 forces, 11546 stresses] loaded from '../data/train.xyz'
2025-04-02 09:54:31.647 INFO: Total training set [11546 configs, 0 energy, 11546 forces, 11546 stresses]
2025-04-02 09:54:31.652 INFO: Using random 5% of training set for validation with indices saved in: ./valid_indices_3.txt
2025-04-02 09:54:31.653 INFO: Validation set contains 577 configurations [0 energy, 577 forces, 577 stresses]
2025-04-02 09:54:32.825 INFO: Test file 1/1 [2888 configs, 0 energy, 2888 forces, 2888 stresses] loaded from '../data/test.xyz'
2025-04-02 09:54:32.827 INFO: Total test set (2888 configs):
2025-04-02 09:54:32.830 INFO: Default_default: 2888 configs, 0 energy, 2888 forces, 2888 stresses
2025-04-02 09:54:32.831 INFO: Total number of configurations: train=10969, valid=577, tests=[Default_default: 2888],
2025-04-02 09:54:32.942 INFO: Atomic Numbers used: [8, 40]
2025-04-02 09:54:32.945 INFO: Isolated Atomic Energies (E0s) not in training file, using command line argument
2025-04-02 09:54:32.946 INFO: Computing average Atomic Energies using least squares regression
2025-04-02 09:54:33.030 INFO: Atomic Energies used (z: eV) for head default: {8: 0.0, 40: 0.0}
2025-04-02 09:54:33.031 INFO: Processing datasets for head 'default'
2025-04-02 09:54:56.802 DEBUG: Successfully loaded dataset from ASE files: ['../data/train.xyz']
2025-04-02 09:54:56.803 INFO: Combining 1 list datasets for head 'default'
2025-04-02 09:54:57.809 INFO: Head 'default' training dataset size: 10969
2025-04-02 09:54:57.811 INFO: Computing average number of neighbors
2025-04-02 09:55:06.742 INFO: Average number of neighbors: 42.15724411758686
2025-04-02 09:55:06.744 INFO: During training the following quantities will be reported: energy, forces
2025-04-02 09:55:06.744 INFO: ===========MODEL DETAILS===========
2025-04-02 09:55:15.144 WARNING: Standard deviation of the scaling is zero, Changing to no scaling
2025-04-02 09:55:15.159 INFO: Loading FOUNDATION model
2025-04-02 09:55:15.162 INFO: Using filtered elements: [8, 40]
2025-04-02 09:55:15.163 INFO: Model configuration extracted from foundation model
2025-04-02 09:55:15.164 INFO: Using universal loss function for fine-tuning
2025-04-02 09:55:15.165 INFO: Message passing with hidden irreps 128x0e)
2025-04-02 09:55:15.166 INFO: 2 layers, each with correlation order: 3 (body order: 4) and spherical harmonics up to: l=3
2025-04-02 09:55:15.166 INFO: Radial cutoff: 6.0 A (total receptive field for each atom: 12.0 A)
2025-04-02 09:55:15.167 INFO: Distance transform for radial basis functions: None
2025-04-02 09:55:16.883 DEBUG: ScaleShiftMACE(
  (node_embedding): LinearNodeEmbeddingBlock(
    (linear): Linear(2x0e -> 128x0e | 256 weights)
  )
  (radial_embedding): RadialEmbeddingBlock(
    (bessel_fn): BesselBasis(r_max=6.0, num_basis=10, trainable=True)
    (cutoff_fn): PolynomialCutoff(p=5, r_max=6.0)
  )
  (spherical_harmonics): SphericalHarmonics()
  (atomic_energies_fn): AtomicEnergiesBlock(energies=[[0.0000, 0.0000]])
  (interactions): ModuleList(
    (0-1): 2 x RealAgnosticResidualInteractionBlock(
      (linear_up): Linear(128x0e -> 128x0e | 16384 weights)
      (conv_tp): TensorProduct(128x0e x 1x0e+1x1o+1x2e+1x3o -> 128x0e+128x1o+128x2e+128x3o | 512 paths | 512 weights)
      (conv_tp_weights): FullyConnectedNet[10, 64, 64, 64, 512]
      (linear): Linear(128x0e+128x1o+128x2e+128x3o -> 128x0e+128x1o+128x2e+128x3o | 65536 weights)
      (skip_tp): FullyConnectedTensorProduct(128x0e x 2x0e -> 128x0e | 32768 paths | 32768 weights)
      (reshape): reshape_irreps()
    )
  )
  (products): ModuleList(
    (0-1): 2 x EquivariantProductBasisBlock(
      (symmetric_contractions): SymmetricContraction(
        (contractions): ModuleList(
          (0): Contraction(
            (contractions_weighting): ModuleList(
              (0-1): 2 x GraphModule()
            )
            (contractions_features): ModuleList(
              (0-1): 2 x GraphModule()
            )
            (weights): ParameterList(
                (0): Parameter containing: [torch.float64 of size 2x4x128 (cuda:0)]
                (1): Parameter containing: [torch.float64 of size 2x1x128 (cuda:0)]
            )
            (graph_opt_main): GraphModule()
          )
        )
      )
      (linear): Linear(128x0e -> 128x0e | 16384 weights)
    )
  )
  (readouts): ModuleList(
    (0): LinearReadoutBlock(
      (linear): Linear(128x0e -> 1x0e | 128 weights)
    )
    (1): NonLinearReadoutBlock(
      (linear_1): Linear(128x0e -> 16x0e | 2048 weights)
      (non_linearity): Activation [x] (16x0e -> 16x0e)
      (linear_2): Linear(16x0e -> 1x0e | 16 weights)
    )
  )
  (scale_shift): ScaleShiftBlock(scale=0.8042, shift=0.1641)
)
2025-04-02 09:55:16.885 INFO: Total number of parameters: 362138
2025-04-02 09:55:16.886 INFO: 
2025-04-02 09:55:16.887 INFO: ===========OPTIMIZER INFORMATION===========
2025-04-02 09:55:16.887 INFO: Using ADAM as parameter optimizer
2025-04-02 09:55:16.888 INFO: Batch size: 2
2025-04-02 09:55:16.889 INFO: Using Exponential Moving Average with decay: 0.99
2025-04-02 09:55:16.890 INFO: Number of gradient updates: 32907
2025-04-02 09:55:16.891 INFO: Learning rate: 0.01, weight decay: 5e-07
2025-04-02 09:55:16.892 INFO: WeightedEnergyForcesLoss(energy_weight=1.000, forces_weight=1.000)
2025-04-02 09:55:16.894 INFO: Using gradient clipping with tolerance=10.000
2025-04-02 09:55:16.895 INFO: 
2025-04-02 09:55:16.896 INFO: ===========TRAINING===========
2025-04-02 09:55:16.897 INFO: Started training, reporting errors on validation set
2025-04-02 09:55:16.898 INFO: Loss metrics on validation set
2025-04-02 09:55:24.361 INFO: Initial: head: default, loss=0.00000000, RMSE_E_per_atom=  461.32 meV, RMSE_F=  765.13 meV / A
2025-04-02 10:00:52.115 INFO: Epoch 0: head: default, loss=0.00000000, RMSE_E_per_atom= 6758.50 meV, RMSE_F=    0.00 meV / A
2025-04-02 10:00:52.118 DEBUG: Saving checkpoint: ./checkpoints/Opt_ZrO2_small_MACE_run-3_epoch-0.pt
2025-04-02 10:06:15.800 INFO: Epoch 1: head: default, loss=0.00000000, RMSE_E_per_atom= 6758.50 meV, RMSE_F=    0.00 meV / A
2025-04-02 10:11:40.029 INFO: Epoch 2: head: default, loss=0.00000000, RMSE_E_per_atom= 6758.50 meV, RMSE_F=    0.00 meV / A
2025-04-02 10:17:05.195 INFO: Epoch 3: head: default, loss=0.00000000, RMSE_E_per_atom= 6758.50 meV, RMSE_F=    0.00 meV / A
2025-04-02 10:22:29.573 INFO: Epoch 4: head: default, loss=0.00000000, RMSE_E_per_atom= 6758.50 meV, RMSE_F=    0.00 meV / A
2025-04-02 10:27:53.284 INFO: Epoch 5: head: default, loss=0.00000000, RMSE_E_per_atom= 6758.50 meV, RMSE_F=    0.00 meV / A
2025-04-02 10:27:53.285 INFO: Training complete
2025-04-02 10:27:53.286 INFO: 
2025-04-02 10:27:53.286 INFO: ===========RESULTS===========
2025-04-02 10:27:56.432 INFO: Loading checkpoint: ./checkpoints/Opt_ZrO2_small_MACE_run-3_epoch-0.pt
2025-04-02 10:27:56.496 INFO: Loaded Stage one model from epoch 0 for evaluation
2025-04-02 10:27:56.497 INFO: Saving model to checkpoints/Opt_ZrO2_small_MACE_run-3.model
2025-04-02 10:27:56.723 INFO: Compiling model, saving metadata to Opt_ZrO2_small_MACE_compiled.model
2025-04-02 10:27:58.044 INFO: Computing metrics for training, validation, and test sets
2025-04-02 10:27:58.045 INFO: Evaluating train_default ...
2025-04-02 10:44:46.514 INFO: Evaluating valid_default ...
2025-04-02 10:44:49.962 INFO: Error-table on TRAIN and VALID:
+---------------+---------------------+------------------+-------------------+
|  config_type  | RMSE E / meV / atom | RMSE F / meV / A | relative F RMSE % |
+---------------+---------------------+------------------+-------------------+
| train_default |         6759.3      |          0.0     |          0.00     |
| valid_default |         6758.5      |          0.0     |          0.00     |
+---------------+---------------------+------------------+-------------------+
2025-04-02 10:44:49.963 INFO: Evaluating Default_default ...
2025-04-02 10:45:05.031 INFO: Error-table on TEST:
+-----------------+---------------------+------------------+-------------------+
|   config_type   | RMSE E / meV / atom | RMSE F / meV / A | relative F RMSE % |
+-----------------+---------------------+------------------+-------------------+
| Default_default |         6791.8      |          0.0     |          0.00     |
+-----------------+---------------------+------------------+-------------------+
2025-04-02 10:45:05.032 DEBUG: Running inference on train_default dataset
2025-04-02 11:12:22.903 DEBUG: Running inference on valid_default dataset
2025-04-02 11:12:25.782 DEBUG: Running inference on Default_default dataset
2025-04-02 11:13:08.190 INFO: Done
2025-04-02 12:02:23.808 INFO: ===========VERIFYING SETTINGS===========
2025-04-02 12:02:23.870 INFO: MACE version: 0.3.12
2025-04-02 12:02:23.871 DEBUG: Configuration: Namespace(config=None, name='Opt_ZrO2_small_MACE', seed=3, work_dir='.', log_dir='./logs', model_dir='.', checkpoints_dir='./checkpoints', results_dir='./results', downloads_dir='./downloads', device='cuda', default_dtype='float64', distributed=False, log_level='INFO', plot=True, plot_frequency=0, error_table='PerAtomRMSE', model='MACE', r_max=5.0, radial_type='bessel', num_radial_basis=8, num_cutoff_basis=5, pair_repulsion=False, distance_transform='None', interaction='RealAgnosticResidualInteractionBlock', interaction_first='RealAgnosticResidualInteractionBlock', max_ell=3, correlation=3, num_interactions=2, MLP_irreps='16x0e', radial_MLP='[64, 64, 64]', hidden_irreps='128x0e + 128x1o', num_channels=128, max_L=1, gate='silu', scaling='rms_forces_scaling', avg_num_neighbors=1, compute_avg_num_neighbors=True, compute_stress=False, compute_forces=True, train_file='../data/train.xyz', valid_file=None, valid_fraction=0.05, test_file='../data/test.xyz', test_dir=None, multi_processed_test=False, num_workers=0, pin_memory=True, atomic_numbers=None, mean=None, std=None, statistics_file=None, E0s='average', foundation_filter_elements=True, heads=None, multiheads_finetuning=False, foundation_head=None, weight_pt_head=1.0, num_samples_pt=10000, force_mh_ft_lr=False, subselect_pt='random', pt_train_file=None, pt_valid_file=None, foundation_model_elements=False, keep_isolated_atoms=False, energy_key='energy', forces_key='forces', virials_key='REF_virials', stress_key='stress', dipole_key='REF_dipole', charges_key='REF_charges', pt_energy_key=None, pt_forces_key=None, pt_virials_key=None, pt_stress_key=None, pt_dipole_key=None, pt_charges_key=None, loss='weighted', forces_weight=1.0, swa_forces_weight=100.0, energy_weight=1.0, swa_energy_weight=1000.0, virials_weight=1.0, swa_virials_weight=10.0, stress_weight=1.0, swa_stress_weight=10.0, dipole_weight=1.0, swa_dipole_weight=1.0, config_type_weights='{"Default":1.0}', huber_delta=0.01, optimizer='adam', beta=0.9, batch_size=2, valid_batch_size=10, lr=0.01, swa_lr=0.001, weight_decay=5e-07, amsgrad=True, scheduler='ReduceLROnPlateau', lr_factor=0.8, scheduler_patience=50, lr_scheduler_gamma=0.9993, swa=False, start_swa=None, ema=True, ema_decay=0.99, max_num_epochs=6, patience=2048, foundation_model='small', foundation_model_readout=True, eval_interval=1, keep_checkpoints=False, save_all_checkpoints=False, restart_latest=False, save_cpu=False, clip_grad=10.0, enable_cueq=False, wandb=False, wandb_dir=None, wandb_project='', wandb_entity='', wandb_name='', wandb_log_hypers=['num_channels', 'max_L', 'correlation', 'lr', 'swa_lr', 'weight_decay', 'batch_size', 'max_num_epochs', 'start_swa', 'energy_weight', 'forces_weight'])
2025-04-02 12:02:23.991 INFO: CUDA version: 12.4, CUDA device: 0
2025-04-02 12:02:25.365 DEBUG: Popen(['git', 'version'], cwd=/mnt/beegfs/home/p.zanineli/work/fine-tuning/naive, stdin=None, shell=False, universal_newlines=False)
2025-04-02 12:02:25.440 DEBUG: Popen(['git', 'version'], cwd=/mnt/beegfs/home/p.zanineli/work/fine-tuning/naive, stdin=None, shell=False, universal_newlines=False)
2025-04-02 12:02:25.566 DEBUG: Error accessing Git repository: /mnt/beegfs/home/p.zanineli/work/fine-tuning/naive
2025-04-02 12:02:25.566 INFO: Using foundation model mace-mp-0 small as initial checkpoint.
2025-04-02 12:02:26.190 INFO: CUDA version: 12.4, CUDA device: 0
2025-04-02 12:02:26.195 INFO: ===========LOADING INPUT DATA===========
2025-04-02 12:02:26.196 INFO: Using heads: ['default']
2025-04-02 12:02:26.197 INFO: =============    Processing head default     ===========
2025-04-02 12:02:26.199 DEBUG: Loading training file: ../data/train.xyz
2025-04-02 12:02:26.200 DEBUG: Using keys: energy=energy, forces=forces, stress=stress, virials=REF_virials, dipole=REF_dipole, charges=REF_charges
2025-04-02 12:02:31.122 WARNING: Since ASE version 3.23.0b1, using energy_key 'energy' is no longer safe when communicating between MACE and ASE. We recommend using a different key, rewriting 'energy' to 'REF_energy'. You need to use --energy_key='REF_energy' to specify the chosen key name.
2025-04-02 12:02:32.733 WARNING: Since ASE version 3.23.0b1, using forces_key 'forces' is no longer safe when communicating between MACE and ASE. We recommend using a different key, rewriting 'forces' to 'REF_forces'. You need to use --forces_key='REF_forces' to specify the chosen key name.
2025-04-02 12:02:34.371 WARNING: Since ASE version 3.23.0b1, using stress_key 'stress' is no longer safe when communicating between MACE and ASE. We recommend using a different key, rewriting 'stress' to 'REF_stress'. You need to use --stress_key='REF_stress' to specify the chosen key name.
2025-04-02 12:02:35.901 INFO: Training file 1/1 [11546 configs, 11546 energy, 11546 forces, 11546 stresses] loaded from '../data/train.xyz'
2025-04-02 12:02:35.907 INFO: Total training set [11546 configs, 11546 energy, 11546 forces, 11546 stresses]
2025-04-02 12:02:35.940 INFO: Using random 5% of training set for validation with indices saved in: ./valid_indices_3.txt
2025-04-02 12:02:35.943 INFO: Validation set contains 577 configurations [577 energy, 577 forces, 577 stresses]
2025-04-02 12:02:37.074 WARNING: Since ASE version 3.23.0b1, using energy_key 'energy' is no longer safe when communicating between MACE and ASE. We recommend using a different key, rewriting 'energy' to 'REF_energy'. You need to use --energy_key='REF_energy' to specify the chosen key name.
2025-04-02 12:02:37.491 WARNING: Since ASE version 3.23.0b1, using forces_key 'forces' is no longer safe when communicating between MACE and ASE. We recommend using a different key, rewriting 'forces' to 'REF_forces'. You need to use --forces_key='REF_forces' to specify the chosen key name.
2025-04-02 12:02:37.906 WARNING: Since ASE version 3.23.0b1, using stress_key 'stress' is no longer safe when communicating between MACE and ASE. We recommend using a different key, rewriting 'stress' to 'REF_stress'. You need to use --stress_key='REF_stress' to specify the chosen key name.
2025-04-02 12:02:38.293 INFO: Test file 1/1 [2888 configs, 2888 energy, 2888 forces, 2888 stresses] loaded from '../data/test.xyz'
2025-04-02 12:02:38.296 INFO: Total test set (2888 configs):
2025-04-02 12:02:38.298 INFO: Default_default: 2888 configs, 2888 energy, 2888 forces, 2888 stresses
2025-04-02 12:02:38.299 INFO: Total number of configurations: train=10969, valid=577, tests=[Default_default: 2888],
2025-04-02 12:02:38.406 INFO: Atomic Numbers used: [8, 40]
2025-04-02 12:02:38.408 INFO: Isolated Atomic Energies (E0s) not in training file, using command line argument
2025-04-02 12:02:38.408 INFO: Computing average Atomic Energies using least squares regression
2025-04-02 12:02:38.709 INFO: Atomic Energies used (z: eV) for head default: {8: -4.675607659586305, 40: -18.31005190438511}
2025-04-02 12:02:38.710 INFO: Processing datasets for head 'default'
2025-04-02 12:03:02.052 DEBUG: Successfully loaded dataset from ASE files: ['../data/train.xyz']
2025-04-02 12:03:02.053 INFO: Combining 1 list datasets for head 'default'
2025-04-02 12:03:03.060 INFO: Head 'default' training dataset size: 10969
2025-04-02 12:03:03.066 INFO: Computing average number of neighbors
2025-04-02 12:03:12.052 INFO: Average number of neighbors: 42.15724411758686
2025-04-02 12:03:12.053 INFO: During training the following quantities will be reported: energy, forces
2025-04-02 12:03:12.053 INFO: ===========MODEL DETAILS===========
2025-04-02 12:03:20.511 INFO: Loading FOUNDATION model
2025-04-02 12:03:20.513 INFO: Using filtered elements: [8, 40]
2025-04-02 12:03:20.514 INFO: Model configuration extracted from foundation model
2025-04-02 12:03:20.515 INFO: Using universal loss function for fine-tuning
2025-04-02 12:03:20.515 INFO: Message passing with hidden irreps 128x0e)
2025-04-02 12:03:20.516 INFO: 2 layers, each with correlation order: 3 (body order: 4) and spherical harmonics up to: l=3
2025-04-02 12:03:20.516 INFO: Radial cutoff: 6.0 A (total receptive field for each atom: 12.0 A)
2025-04-02 12:03:20.517 INFO: Distance transform for radial basis functions: None
2025-04-02 12:03:22.545 DEBUG: ScaleShiftMACE(
  (node_embedding): LinearNodeEmbeddingBlock(
    (linear): Linear(2x0e -> 128x0e | 256 weights)
  )
  (radial_embedding): RadialEmbeddingBlock(
    (bessel_fn): BesselBasis(r_max=6.0, num_basis=10, trainable=True)
    (cutoff_fn): PolynomialCutoff(p=5, r_max=6.0)
  )
  (spherical_harmonics): SphericalHarmonics()
  (atomic_energies_fn): AtomicEnergiesBlock(energies=[[-4.6756, -18.3101]])
  (interactions): ModuleList(
    (0-1): 2 x RealAgnosticResidualInteractionBlock(
      (linear_up): Linear(128x0e -> 128x0e | 16384 weights)
      (conv_tp): TensorProduct(128x0e x 1x0e+1x1o+1x2e+1x3o -> 128x0e+128x1o+128x2e+128x3o | 512 paths | 512 weights)
      (conv_tp_weights): FullyConnectedNet[10, 64, 64, 64, 512]
      (linear): Linear(128x0e+128x1o+128x2e+128x3o -> 128x0e+128x1o+128x2e+128x3o | 65536 weights)
      (skip_tp): FullyConnectedTensorProduct(128x0e x 2x0e -> 128x0e | 32768 paths | 32768 weights)
      (reshape): reshape_irreps()
    )
  )
  (products): ModuleList(
    (0-1): 2 x EquivariantProductBasisBlock(
      (symmetric_contractions): SymmetricContraction(
        (contractions): ModuleList(
          (0): Contraction(
            (contractions_weighting): ModuleList(
              (0-1): 2 x GraphModule()
            )
            (contractions_features): ModuleList(
              (0-1): 2 x GraphModule()
            )
            (weights): ParameterList(
                (0): Parameter containing: [torch.float64 of size 2x4x128 (cuda:0)]
                (1): Parameter containing: [torch.float64 of size 2x1x128 (cuda:0)]
            )
            (graph_opt_main): GraphModule()
          )
        )
      )
      (linear): Linear(128x0e -> 128x0e | 16384 weights)
    )
  )
  (readouts): ModuleList(
    (0): LinearReadoutBlock(
      (linear): Linear(128x0e -> 1x0e | 128 weights)
    )
    (1): NonLinearReadoutBlock(
      (linear_1): Linear(128x0e -> 16x0e | 2048 weights)
      (non_linearity): Activation [x] (16x0e -> 16x0e)
      (linear_2): Linear(16x0e -> 1x0e | 16 weights)
    )
  )
  (scale_shift): ScaleShiftBlock(scale=0.8042, shift=0.1641)
)
2025-04-02 12:03:22.547 INFO: Total number of parameters: 362138
2025-04-02 12:03:22.548 INFO: 
2025-04-02 12:03:22.548 INFO: ===========OPTIMIZER INFORMATION===========
2025-04-02 12:03:22.549 INFO: Using ADAM as parameter optimizer
2025-04-02 12:03:22.549 INFO: Batch size: 2
2025-04-02 12:03:22.550 INFO: Using Exponential Moving Average with decay: 0.99
2025-04-02 12:03:22.550 INFO: Number of gradient updates: 32907
2025-04-02 12:03:22.551 INFO: Learning rate: 0.01, weight decay: 5e-07
2025-04-02 12:03:22.552 INFO: WeightedEnergyForcesLoss(energy_weight=1.000, forces_weight=1.000)
2025-04-02 12:03:22.553 INFO: Using gradient clipping with tolerance=10.000
2025-04-02 12:03:22.554 INFO: 
2025-04-02 12:03:22.555 INFO: ===========TRAINING===========
2025-04-02 12:03:22.555 INFO: Started training, reporting errors on validation set
2025-04-02 12:03:22.556 INFO: Loss metrics on validation set
2025-04-02 12:03:31.540 INFO: Initial: head: default, loss=0.03958149, RMSE_E_per_atom=  439.99 meV, RMSE_F=  442.02 meV / A
2025-04-02 12:08:57.891 INFO: Epoch 0: head: default, loss=0.01352336, RMSE_E_per_atom=  118.73 meV, RMSE_F=  363.04 meV / A
2025-04-02 12:08:57.894 DEBUG: Saving checkpoint: ./checkpoints/Opt_ZrO2_small_MACE_run-3_epoch-0.pt
2025-04-02 12:14:21.047 INFO: Epoch 1: head: default, loss=0.01333860, RMSE_E_per_atom=  141.50 meV, RMSE_F=  360.11 meV / A
2025-04-02 12:14:21.050 DEBUG: Deleting old checkpoint file: ./checkpoints/Opt_ZrO2_small_MACE_run-3_epoch-0.pt
2025-04-02 12:14:21.055 DEBUG: Saving checkpoint: ./checkpoints/Opt_ZrO2_small_MACE_run-3_epoch-1.pt
2025-04-02 12:19:44.696 INFO: Epoch 2: head: default, loss=0.00597720, RMSE_E_per_atom=   83.18 meV, RMSE_F=  238.91 meV / A
2025-04-02 12:19:44.699 DEBUG: Deleting old checkpoint file: ./checkpoints/Opt_ZrO2_small_MACE_run-3_epoch-1.pt
2025-04-02 12:19:44.700 DEBUG: Saving checkpoint: ./checkpoints/Opt_ZrO2_small_MACE_run-3_epoch-2.pt
2025-04-02 12:25:08.170 INFO: Epoch 3: head: default, loss=0.00411536, RMSE_E_per_atom=   48.05 meV, RMSE_F=  207.81 meV / A
2025-04-02 12:25:08.172 DEBUG: Deleting old checkpoint file: ./checkpoints/Opt_ZrO2_small_MACE_run-3_epoch-2.pt
2025-04-02 12:25:08.174 DEBUG: Saving checkpoint: ./checkpoints/Opt_ZrO2_small_MACE_run-3_epoch-3.pt
2025-04-02 12:30:30.265 INFO: Epoch 4: head: default, loss=0.00691740, RMSE_E_per_atom=   40.74 meV, RMSE_F=  269.95 meV / A
2025-04-02 12:35:52.261 INFO: Epoch 5: head: default, loss=0.00325945, RMSE_E_per_atom=   28.62 meV, RMSE_F=  189.48 meV / A
2025-04-02 12:35:52.264 DEBUG: Deleting old checkpoint file: ./checkpoints/Opt_ZrO2_small_MACE_run-3_epoch-3.pt
2025-04-02 12:35:52.265 DEBUG: Saving checkpoint: ./checkpoints/Opt_ZrO2_small_MACE_run-3_epoch-5.pt
2025-04-02 12:35:52.324 INFO: Training complete
2025-04-02 12:35:52.326 INFO: 
2025-04-02 12:35:52.327 INFO: ===========RESULTS===========
2025-04-02 12:35:55.455 INFO: Loading checkpoint: ./checkpoints/Opt_ZrO2_small_MACE_run-3_epoch-5.pt
2025-04-02 12:35:55.618 INFO: Loaded Stage one model from epoch 5 for evaluation
2025-04-02 12:35:55.620 INFO: Saving model to checkpoints/Opt_ZrO2_small_MACE_run-3.model
2025-04-02 12:35:55.931 INFO: Compiling model, saving metadata to Opt_ZrO2_small_MACE_compiled.model
2025-04-02 12:35:57.541 INFO: Computing metrics for training, validation, and test sets
2025-04-02 12:35:57.542 INFO: Evaluating train_default ...
2025-04-02 12:52:26.165 INFO: Evaluating valid_default ...
2025-04-02 12:52:29.594 INFO: Error-table on TRAIN and VALID:
+---------------+---------------------+------------------+-------------------+
|  config_type  | RMSE E / meV / atom | RMSE F / meV / A | relative F RMSE % |
+---------------+---------------------+------------------+-------------------+
| train_default |           28.3      |        832.3     |         98.17     |
| valid_default |           28.6      |        189.5     |         30.89     |
+---------------+---------------------+------------------+-------------------+
2025-04-02 12:52:29.596 INFO: Evaluating Default_default ...
2025-04-02 12:52:44.606 INFO: Error-table on TEST:
+-----------------+---------------------+------------------+-------------------+
|   config_type   | RMSE E / meV / atom | RMSE F / meV / A | relative F RMSE % |
+-----------------+---------------------+------------------+-------------------+
| Default_default |           63.3      |        191.3     |         38.71     |
+-----------------+---------------------+------------------+-------------------+
2025-04-02 12:52:44.608 DEBUG: Running inference on train_default dataset
2025-04-02 13:19:37.334 DEBUG: Running inference on valid_default dataset
2025-04-02 13:19:40.211 DEBUG: Running inference on Default_default dataset
2025-04-02 13:20:23.019 INFO: Done
