2025-04-02 15:19:31.338 INFO: ===========VERIFYING SETTINGS===========
2025-04-02 15:19:31.339 INFO: MACE version: 0.3.12
2025-04-02 15:19:32.244 INFO: CUDA version: 12.4, CUDA device: 0
2025-04-02 15:19:34.462 INFO: Using foundation model mace-mp-0 large as initial checkpoint.
2025-04-02 15:19:35.423 INFO: CUDA version: 12.4, CUDA device: 0
2025-04-02 15:19:35.438 INFO: ===========LOADING INPUT DATA===========
2025-04-02 15:19:35.439 INFO: Using heads: ['default']
2025-04-02 15:19:35.440 INFO: =============    Processing head default     ===========
2025-04-02 15:19:40.502 WARNING: Since ASE version 3.23.0b1, using energy_key 'energy' is no longer safe when communicating between MACE and ASE. We recommend using a different key, rewriting 'energy' to 'REF_energy'. You need to use --energy_key='REF_energy' to specify the chosen key name.
2025-04-02 15:19:42.147 WARNING: Since ASE version 3.23.0b1, using forces_key 'forces' is no longer safe when communicating between MACE and ASE. We recommend using a different key, rewriting 'forces' to 'REF_forces'. You need to use --forces_key='REF_forces' to specify the chosen key name.
2025-04-02 15:19:43.812 WARNING: Since ASE version 3.23.0b1, using stress_key 'stress' is no longer safe when communicating between MACE and ASE. We recommend using a different key, rewriting 'stress' to 'REF_stress'. You need to use --stress_key='REF_stress' to specify the chosen key name.
2025-04-02 15:19:45.369 INFO: Training file 1/1 [11546 configs, 11546 energy, 11546 forces, 11546 stresses] loaded from '../data/train.xyz'
2025-04-02 15:19:45.374 INFO: Total training set [11546 configs, 11546 energy, 11546 forces, 11546 stresses]
2025-04-02 15:19:45.465 INFO: Using random 5% of training set for validation with indices saved in: ./valid_indices_3.txt
2025-04-02 15:19:45.468 INFO: Validation set contains 577 configurations [577 energy, 577 forces, 577 stresses]
2025-04-02 15:19:46.682 WARNING: Since ASE version 3.23.0b1, using energy_key 'energy' is no longer safe when communicating between MACE and ASE. We recommend using a different key, rewriting 'energy' to 'REF_energy'. You need to use --energy_key='REF_energy' to specify the chosen key name.
2025-04-02 15:19:47.100 WARNING: Since ASE version 3.23.0b1, using forces_key 'forces' is no longer safe when communicating between MACE and ASE. We recommend using a different key, rewriting 'forces' to 'REF_forces'. You need to use --forces_key='REF_forces' to specify the chosen key name.
2025-04-02 15:19:47.523 WARNING: Since ASE version 3.23.0b1, using stress_key 'stress' is no longer safe when communicating between MACE and ASE. We recommend using a different key, rewriting 'stress' to 'REF_stress'. You need to use --stress_key='REF_stress' to specify the chosen key name.
2025-04-02 15:19:47.919 INFO: Test file 1/1 [2888 configs, 2888 energy, 2888 forces, 2888 stresses] loaded from '../data/test.xyz'
2025-04-02 15:19:47.921 INFO: Total test set (2888 configs):
2025-04-02 15:19:47.923 INFO: Default_default: 2888 configs, 2888 energy, 2888 forces, 2888 stresses
2025-04-02 15:19:47.924 INFO: Total number of configurations: train=10969, valid=577, tests=[Default_default: 2888],
2025-04-02 15:19:48.027 INFO: Atomic Numbers used: [8, 40]
2025-04-02 15:19:48.029 INFO: Isolated Atomic Energies (E0s) not in training file, using command line argument
2025-04-02 15:19:48.030 INFO: Computing average Atomic Energies using least squares regression
2025-04-02 15:19:48.171 INFO: Atomic Energies used (z: eV) for head default: {8: -4.675607659586305, 40: -18.31005190438511}
2025-04-02 15:19:48.172 INFO: Processing datasets for head 'default'
2025-04-02 15:19:58.574 INFO: Combining 1 list datasets for head 'default'
2025-04-02 15:19:59.076 INFO: Head 'default' training dataset size: 10969
2025-04-02 15:19:59.082 INFO: Computing average number of neighbors
2025-04-02 15:20:07.068 INFO: Average number of neighbors: 19.732091883655894
2025-04-02 15:20:07.069 INFO: During training the following quantities will be reported: energy, forces
2025-04-02 15:20:07.070 INFO: ===========MODEL DETAILS===========
2025-04-02 15:20:15.127 INFO: Loading FOUNDATION model
2025-04-02 15:20:15.130 INFO: Using filtered elements: [8, 40]
2025-04-02 15:20:15.131 INFO: Model configuration extracted from foundation model
2025-04-02 15:20:15.132 INFO: Using universal loss function for fine-tuning
2025-04-02 15:20:15.132 INFO: Message passing with hidden irreps 256x0e+256x1o)
2025-04-02 15:20:15.133 INFO: 2 layers, each with correlation order: 3 (body order: 4) and spherical harmonics up to: l=3
2025-04-02 15:20:15.134 INFO: Radial cutoff: 4.5 A (total receptive field for each atom: 9.0 A)
2025-04-02 15:20:15.134 INFO: Distance transform for radial basis functions: None
2025-04-02 15:20:18.210 INFO: Total number of parameters: 1882904
2025-04-02 15:20:18.211 INFO: 
2025-04-02 15:20:18.211 INFO: ===========OPTIMIZER INFORMATION===========
2025-04-02 15:20:18.212 INFO: Using ADAM as parameter optimizer
2025-04-02 15:20:18.213 INFO: Batch size: 2
2025-04-02 15:20:18.214 INFO: Using Exponential Moving Average with decay: 0.99
2025-04-02 15:20:18.215 INFO: Number of gradient updates: 32907
2025-04-02 15:20:18.216 INFO: Learning rate: 0.01, weight decay: 5e-07
2025-04-02 15:20:18.216 INFO: WeightedEnergyForcesLoss(energy_weight=1.000, forces_weight=1.000)
2025-04-02 15:20:18.219 INFO: Using gradient clipping with tolerance=10.000
2025-04-02 15:20:18.220 INFO: 
2025-04-02 15:20:18.221 INFO: ===========TRAINING===========
2025-04-02 15:20:18.221 INFO: Started training, reporting errors on validation set
2025-04-02 15:20:18.222 INFO: Loss metrics on validation set
2025-04-02 15:20:34.470 INFO: Initial: head: default, loss=0.03693405, RMSE_E_per_atom=  449.60 meV, RMSE_F=  401.72 meV / A
2025-04-02 15:32:29.778 INFO: Epoch 0: head: default, loss=0.00778857, RMSE_E_per_atom=   76.79 meV, RMSE_F=  275.69 meV / A
2025-04-02 15:44:20.735 INFO: Epoch 1: head: default, loss=0.00775340, RMSE_E_per_atom=  104.78 meV, RMSE_F=  271.08 meV / A
2025-04-02 15:56:12.062 INFO: Epoch 2: head: default, loss=0.00740729, RMSE_E_per_atom=   78.36 meV, RMSE_F=  274.29 meV / A
2025-04-02 16:08:04.157 INFO: Epoch 3: head: default, loss=0.00308108, RMSE_E_per_atom=   43.60 meV, RMSE_F=  173.67 meV / A
2025-04-02 16:19:51.045 INFO: Epoch 4: head: default, loss=0.00536929, RMSE_E_per_atom=   64.61 meV, RMSE_F=  240.61 meV / A
2025-04-02 16:31:37.707 INFO: Epoch 5: head: default, loss=0.00267233, RMSE_E_per_atom=   25.41 meV, RMSE_F=  170.98 meV / A
2025-04-02 16:31:37.847 INFO: Training complete
2025-04-02 16:31:37.848 INFO: 
2025-04-02 16:31:37.849 INFO: ===========RESULTS===========
2025-04-02 16:31:40.207 INFO: Loading checkpoint: ./checkpoints/Opt_ZrO2_large_MACE_run-3_epoch-5.pt
2025-04-02 16:31:40.473 INFO: Loaded Stage one model from epoch 5 for evaluation
2025-04-02 16:31:40.474 INFO: Saving model to checkpoints/Opt_ZrO2_large_MACE_run-3.model
2025-04-02 16:31:40.995 INFO: Compiling model, saving metadata to Opt_ZrO2_large_MACE_compiled.model
2025-04-02 16:31:43.263 INFO: Computing metrics for training, validation, and test sets
2025-04-02 16:31:43.265 INFO: Evaluating train_default ...
2025-04-02 16:50:25.905 INFO: Evaluating valid_default ...
2025-04-02 16:50:36.098 INFO: Error-table on TRAIN and VALID:
+---------------+---------------------+------------------+-------------------+
|  config_type  | RMSE E / meV / atom | RMSE F / meV / A | relative F RMSE % |
+---------------+---------------------+------------------+-------------------+
| train_default |           29.3      |        344.0     |         40.57     |
| valid_default |           25.4      |        171.0     |         27.87     |
+---------------+---------------------+------------------+-------------------+
2025-04-02 16:50:36.099 INFO: Evaluating Default_default ...
2025-04-02 16:51:19.886 INFO: Error-table on TEST:
+-----------------+---------------------+------------------+-------------------+
|   config_type   | RMSE E / meV / atom | RMSE F / meV / A | relative F RMSE % |
+-----------------+---------------------+------------------+-------------------+
| Default_default |           58.4      |        161.1     |         32.62     |
+-----------------+---------------------+------------------+-------------------+
2025-04-02 17:22:21.248 INFO: Done
