2025-04-02 09:54:25.346 INFO: ===========VERIFYING SETTINGS===========
2025-04-02 09:54:25.347 INFO: MACE version: 0.3.12
2025-04-02 09:54:25.462 INFO: CUDA version: 12.4, CUDA device: 0
2025-04-02 09:54:26.100 INFO: Using foundation model mace-mp-0 small as initial checkpoint.
2025-04-02 09:54:26.480 INFO: CUDA version: 12.4, CUDA device: 0
2025-04-02 09:54:26.486 INFO: ===========LOADING INPUT DATA===========
2025-04-02 09:54:26.487 INFO: Using heads: ['default']
2025-04-02 09:54:26.488 INFO: =============    Processing head default     ===========
2025-04-02 09:54:31.641 INFO: Training file 1/1 [11546 configs, 0 energy, 11546 forces, 11546 stresses] loaded from '../data/train.xyz'
2025-04-02 09:54:31.647 INFO: Total training set [11546 configs, 0 energy, 11546 forces, 11546 stresses]
2025-04-02 09:54:31.652 INFO: Using random 5% of training set for validation with indices saved in: ./valid_indices_3.txt
2025-04-02 09:54:31.653 INFO: Validation set contains 577 configurations [0 energy, 577 forces, 577 stresses]
2025-04-02 09:54:32.825 INFO: Test file 1/1 [2888 configs, 0 energy, 2888 forces, 2888 stresses] loaded from '../data/test.xyz'
2025-04-02 09:54:32.827 INFO: Total test set (2888 configs):
2025-04-02 09:54:32.830 INFO: Default_default: 2888 configs, 0 energy, 2888 forces, 2888 stresses
2025-04-02 09:54:32.831 INFO: Total number of configurations: train=10969, valid=577, tests=[Default_default: 2888],
2025-04-02 09:54:32.942 INFO: Atomic Numbers used: [8, 40]
2025-04-02 09:54:32.945 INFO: Isolated Atomic Energies (E0s) not in training file, using command line argument
2025-04-02 09:54:32.946 INFO: Computing average Atomic Energies using least squares regression
2025-04-02 09:54:33.030 INFO: Atomic Energies used (z: eV) for head default: {8: 0.0, 40: 0.0}
2025-04-02 09:54:33.031 INFO: Processing datasets for head 'default'
2025-04-02 09:54:56.803 INFO: Combining 1 list datasets for head 'default'
2025-04-02 09:54:57.809 INFO: Head 'default' training dataset size: 10969
2025-04-02 09:54:57.811 INFO: Computing average number of neighbors
2025-04-02 09:55:06.742 INFO: Average number of neighbors: 42.15724411758686
2025-04-02 09:55:06.744 INFO: During training the following quantities will be reported: energy, forces
2025-04-02 09:55:06.744 INFO: ===========MODEL DETAILS===========
2025-04-02 09:55:15.144 WARNING: Standard deviation of the scaling is zero, Changing to no scaling
2025-04-02 09:55:15.159 INFO: Loading FOUNDATION model
2025-04-02 09:55:15.162 INFO: Using filtered elements: [8, 40]
2025-04-02 09:55:15.163 INFO: Model configuration extracted from foundation model
2025-04-02 09:55:15.164 INFO: Using universal loss function for fine-tuning
2025-04-02 09:55:15.165 INFO: Message passing with hidden irreps 128x0e)
2025-04-02 09:55:15.166 INFO: 2 layers, each with correlation order: 3 (body order: 4) and spherical harmonics up to: l=3
2025-04-02 09:55:15.166 INFO: Radial cutoff: 6.0 A (total receptive field for each atom: 12.0 A)
2025-04-02 09:55:15.167 INFO: Distance transform for radial basis functions: None
2025-04-02 09:55:16.885 INFO: Total number of parameters: 362138
2025-04-02 09:55:16.886 INFO: 
2025-04-02 09:55:16.887 INFO: ===========OPTIMIZER INFORMATION===========
2025-04-02 09:55:16.887 INFO: Using ADAM as parameter optimizer
2025-04-02 09:55:16.888 INFO: Batch size: 2
2025-04-02 09:55:16.889 INFO: Using Exponential Moving Average with decay: 0.99
2025-04-02 09:55:16.890 INFO: Number of gradient updates: 32907
2025-04-02 09:55:16.891 INFO: Learning rate: 0.01, weight decay: 5e-07
2025-04-02 09:55:16.892 INFO: WeightedEnergyForcesLoss(energy_weight=1.000, forces_weight=1.000)
2025-04-02 09:55:16.894 INFO: Using gradient clipping with tolerance=10.000
2025-04-02 09:55:16.895 INFO: 
2025-04-02 09:55:16.896 INFO: ===========TRAINING===========
2025-04-02 09:55:16.897 INFO: Started training, reporting errors on validation set
2025-04-02 09:55:16.898 INFO: Loss metrics on validation set
2025-04-02 09:55:24.361 INFO: Initial: head: default, loss=0.00000000, RMSE_E_per_atom=  461.32 meV, RMSE_F=  765.13 meV / A
2025-04-02 10:00:52.115 INFO: Epoch 0: head: default, loss=0.00000000, RMSE_E_per_atom= 6758.50 meV, RMSE_F=    0.00 meV / A
2025-04-02 10:06:15.800 INFO: Epoch 1: head: default, loss=0.00000000, RMSE_E_per_atom= 6758.50 meV, RMSE_F=    0.00 meV / A
2025-04-02 10:11:40.029 INFO: Epoch 2: head: default, loss=0.00000000, RMSE_E_per_atom= 6758.50 meV, RMSE_F=    0.00 meV / A
2025-04-02 10:17:05.195 INFO: Epoch 3: head: default, loss=0.00000000, RMSE_E_per_atom= 6758.50 meV, RMSE_F=    0.00 meV / A
2025-04-02 10:22:29.573 INFO: Epoch 4: head: default, loss=0.00000000, RMSE_E_per_atom= 6758.50 meV, RMSE_F=    0.00 meV / A
2025-04-02 10:27:53.284 INFO: Epoch 5: head: default, loss=0.00000000, RMSE_E_per_atom= 6758.50 meV, RMSE_F=    0.00 meV / A
2025-04-02 10:27:53.285 INFO: Training complete
2025-04-02 10:27:53.286 INFO: 
2025-04-02 10:27:53.286 INFO: ===========RESULTS===========
2025-04-02 10:27:56.432 INFO: Loading checkpoint: ./checkpoints/Opt_ZrO2_small_MACE_run-3_epoch-0.pt
2025-04-02 10:27:56.496 INFO: Loaded Stage one model from epoch 0 for evaluation
2025-04-02 10:27:56.497 INFO: Saving model to checkpoints/Opt_ZrO2_small_MACE_run-3.model
2025-04-02 10:27:56.723 INFO: Compiling model, saving metadata to Opt_ZrO2_small_MACE_compiled.model
2025-04-02 10:27:58.044 INFO: Computing metrics for training, validation, and test sets
2025-04-02 10:27:58.045 INFO: Evaluating train_default ...
2025-04-02 10:44:46.514 INFO: Evaluating valid_default ...
2025-04-02 10:44:49.962 INFO: Error-table on TRAIN and VALID:
+---------------+---------------------+------------------+-------------------+
|  config_type  | RMSE E / meV / atom | RMSE F / meV / A | relative F RMSE % |
+---------------+---------------------+------------------+-------------------+
| train_default |         6759.3      |          0.0     |          0.00     |
| valid_default |         6758.5      |          0.0     |          0.00     |
+---------------+---------------------+------------------+-------------------+
2025-04-02 10:44:49.963 INFO: Evaluating Default_default ...
2025-04-02 10:45:05.031 INFO: Error-table on TEST:
+-----------------+---------------------+------------------+-------------------+
|   config_type   | RMSE E / meV / atom | RMSE F / meV / A | relative F RMSE % |
+-----------------+---------------------+------------------+-------------------+
| Default_default |         6791.8      |          0.0     |          0.00     |
+-----------------+---------------------+------------------+-------------------+
2025-04-02 11:13:08.190 INFO: Done
2025-04-02 12:02:23.808 INFO: ===========VERIFYING SETTINGS===========
2025-04-02 12:02:23.870 INFO: MACE version: 0.3.12
2025-04-02 12:02:23.991 INFO: CUDA version: 12.4, CUDA device: 0
2025-04-02 12:02:25.566 INFO: Using foundation model mace-mp-0 small as initial checkpoint.
2025-04-02 12:02:26.190 INFO: CUDA version: 12.4, CUDA device: 0
2025-04-02 12:02:26.195 INFO: ===========LOADING INPUT DATA===========
2025-04-02 12:02:26.196 INFO: Using heads: ['default']
2025-04-02 12:02:26.197 INFO: =============    Processing head default     ===========
2025-04-02 12:02:31.122 WARNING: Since ASE version 3.23.0b1, using energy_key 'energy' is no longer safe when communicating between MACE and ASE. We recommend using a different key, rewriting 'energy' to 'REF_energy'. You need to use --energy_key='REF_energy' to specify the chosen key name.
2025-04-02 12:02:32.733 WARNING: Since ASE version 3.23.0b1, using forces_key 'forces' is no longer safe when communicating between MACE and ASE. We recommend using a different key, rewriting 'forces' to 'REF_forces'. You need to use --forces_key='REF_forces' to specify the chosen key name.
2025-04-02 12:02:34.371 WARNING: Since ASE version 3.23.0b1, using stress_key 'stress' is no longer safe when communicating between MACE and ASE. We recommend using a different key, rewriting 'stress' to 'REF_stress'. You need to use --stress_key='REF_stress' to specify the chosen key name.
2025-04-02 12:02:35.901 INFO: Training file 1/1 [11546 configs, 11546 energy, 11546 forces, 11546 stresses] loaded from '../data/train.xyz'
2025-04-02 12:02:35.907 INFO: Total training set [11546 configs, 11546 energy, 11546 forces, 11546 stresses]
2025-04-02 12:02:35.940 INFO: Using random 5% of training set for validation with indices saved in: ./valid_indices_3.txt
2025-04-02 12:02:35.943 INFO: Validation set contains 577 configurations [577 energy, 577 forces, 577 stresses]
2025-04-02 12:02:37.074 WARNING: Since ASE version 3.23.0b1, using energy_key 'energy' is no longer safe when communicating between MACE and ASE. We recommend using a different key, rewriting 'energy' to 'REF_energy'. You need to use --energy_key='REF_energy' to specify the chosen key name.
2025-04-02 12:02:37.491 WARNING: Since ASE version 3.23.0b1, using forces_key 'forces' is no longer safe when communicating between MACE and ASE. We recommend using a different key, rewriting 'forces' to 'REF_forces'. You need to use --forces_key='REF_forces' to specify the chosen key name.
2025-04-02 12:02:37.906 WARNING: Since ASE version 3.23.0b1, using stress_key 'stress' is no longer safe when communicating between MACE and ASE. We recommend using a different key, rewriting 'stress' to 'REF_stress'. You need to use --stress_key='REF_stress' to specify the chosen key name.
2025-04-02 12:02:38.293 INFO: Test file 1/1 [2888 configs, 2888 energy, 2888 forces, 2888 stresses] loaded from '../data/test.xyz'
2025-04-02 12:02:38.296 INFO: Total test set (2888 configs):
2025-04-02 12:02:38.298 INFO: Default_default: 2888 configs, 2888 energy, 2888 forces, 2888 stresses
2025-04-02 12:02:38.299 INFO: Total number of configurations: train=10969, valid=577, tests=[Default_default: 2888],
2025-04-02 12:02:38.406 INFO: Atomic Numbers used: [8, 40]
2025-04-02 12:02:38.408 INFO: Isolated Atomic Energies (E0s) not in training file, using command line argument
2025-04-02 12:02:38.408 INFO: Computing average Atomic Energies using least squares regression
2025-04-02 12:02:38.709 INFO: Atomic Energies used (z: eV) for head default: {8: -4.675607659586305, 40: -18.31005190438511}
2025-04-02 12:02:38.710 INFO: Processing datasets for head 'default'
2025-04-02 12:03:02.053 INFO: Combining 1 list datasets for head 'default'
2025-04-02 12:03:03.060 INFO: Head 'default' training dataset size: 10969
2025-04-02 12:03:03.066 INFO: Computing average number of neighbors
2025-04-02 12:03:12.052 INFO: Average number of neighbors: 42.15724411758686
2025-04-02 12:03:12.053 INFO: During training the following quantities will be reported: energy, forces
2025-04-02 12:03:12.053 INFO: ===========MODEL DETAILS===========
2025-04-02 12:03:20.511 INFO: Loading FOUNDATION model
2025-04-02 12:03:20.513 INFO: Using filtered elements: [8, 40]
2025-04-02 12:03:20.514 INFO: Model configuration extracted from foundation model
2025-04-02 12:03:20.515 INFO: Using universal loss function for fine-tuning
2025-04-02 12:03:20.515 INFO: Message passing with hidden irreps 128x0e)
2025-04-02 12:03:20.516 INFO: 2 layers, each with correlation order: 3 (body order: 4) and spherical harmonics up to: l=3
2025-04-02 12:03:20.516 INFO: Radial cutoff: 6.0 A (total receptive field for each atom: 12.0 A)
2025-04-02 12:03:20.517 INFO: Distance transform for radial basis functions: None
2025-04-02 12:03:22.547 INFO: Total number of parameters: 362138
2025-04-02 12:03:22.548 INFO: 
2025-04-02 12:03:22.548 INFO: ===========OPTIMIZER INFORMATION===========
2025-04-02 12:03:22.549 INFO: Using ADAM as parameter optimizer
2025-04-02 12:03:22.549 INFO: Batch size: 2
2025-04-02 12:03:22.550 INFO: Using Exponential Moving Average with decay: 0.99
2025-04-02 12:03:22.550 INFO: Number of gradient updates: 32907
2025-04-02 12:03:22.551 INFO: Learning rate: 0.01, weight decay: 5e-07
2025-04-02 12:03:22.552 INFO: WeightedEnergyForcesLoss(energy_weight=1.000, forces_weight=1.000)
2025-04-02 12:03:22.553 INFO: Using gradient clipping with tolerance=10.000
2025-04-02 12:03:22.554 INFO: 
2025-04-02 12:03:22.555 INFO: ===========TRAINING===========
2025-04-02 12:03:22.555 INFO: Started training, reporting errors on validation set
2025-04-02 12:03:22.556 INFO: Loss metrics on validation set
2025-04-02 12:03:31.540 INFO: Initial: head: default, loss=0.03958149, RMSE_E_per_atom=  439.99 meV, RMSE_F=  442.02 meV / A
2025-04-02 12:08:57.891 INFO: Epoch 0: head: default, loss=0.01352336, RMSE_E_per_atom=  118.73 meV, RMSE_F=  363.04 meV / A
2025-04-02 12:14:21.047 INFO: Epoch 1: head: default, loss=0.01333860, RMSE_E_per_atom=  141.50 meV, RMSE_F=  360.11 meV / A
2025-04-02 12:19:44.696 INFO: Epoch 2: head: default, loss=0.00597720, RMSE_E_per_atom=   83.18 meV, RMSE_F=  238.91 meV / A
2025-04-02 12:25:08.170 INFO: Epoch 3: head: default, loss=0.00411536, RMSE_E_per_atom=   48.05 meV, RMSE_F=  207.81 meV / A
2025-04-02 12:30:30.265 INFO: Epoch 4: head: default, loss=0.00691740, RMSE_E_per_atom=   40.74 meV, RMSE_F=  269.95 meV / A
2025-04-02 12:35:52.261 INFO: Epoch 5: head: default, loss=0.00325945, RMSE_E_per_atom=   28.62 meV, RMSE_F=  189.48 meV / A
2025-04-02 12:35:52.324 INFO: Training complete
2025-04-02 12:35:52.326 INFO: 
2025-04-02 12:35:52.327 INFO: ===========RESULTS===========
2025-04-02 12:35:55.455 INFO: Loading checkpoint: ./checkpoints/Opt_ZrO2_small_MACE_run-3_epoch-5.pt
2025-04-02 12:35:55.618 INFO: Loaded Stage one model from epoch 5 for evaluation
2025-04-02 12:35:55.620 INFO: Saving model to checkpoints/Opt_ZrO2_small_MACE_run-3.model
2025-04-02 12:35:55.931 INFO: Compiling model, saving metadata to Opt_ZrO2_small_MACE_compiled.model
2025-04-02 12:35:57.541 INFO: Computing metrics for training, validation, and test sets
2025-04-02 12:35:57.542 INFO: Evaluating train_default ...
2025-04-02 12:52:26.165 INFO: Evaluating valid_default ...
2025-04-02 12:52:29.594 INFO: Error-table on TRAIN and VALID:
+---------------+---------------------+------------------+-------------------+
|  config_type  | RMSE E / meV / atom | RMSE F / meV / A | relative F RMSE % |
+---------------+---------------------+------------------+-------------------+
| train_default |           28.3      |        832.3     |         98.17     |
| valid_default |           28.6      |        189.5     |         30.89     |
+---------------+---------------------+------------------+-------------------+
2025-04-02 12:52:29.596 INFO: Evaluating Default_default ...
2025-04-02 12:52:44.606 INFO: Error-table on TEST:
+-----------------+---------------------+------------------+-------------------+
|   config_type   | RMSE E / meV / atom | RMSE F / meV / A | relative F RMSE % |
+-----------------+---------------------+------------------+-------------------+
| Default_default |           63.3      |        191.3     |         38.71     |
+-----------------+---------------------+------------------+-------------------+
2025-04-02 13:20:23.019 INFO: Done
