/home/p.zanineli/miniconda3/envs/mace/lib/python3.9/site-packages/e3nn/o3/_wigner.py:10: UserWarning: Environment variable TORCH_FORCE_NO_WEIGHTS_ONLY_LOAD detected, since the`weights_only` argument was not explicitly passed to `torch.load`, forcing weights_only=False.
  _Jd, _W3j_flat, _W3j_indices = torch.load(os.path.join(os.path.dirname(__file__), 'constants.pt'))
/home/p.zanineli/miniconda3/envs/mace/lib/python3.9/site-packages/mace/cli/run_train.py:149: UserWarning: Environment variable TORCH_FORCE_NO_WEIGHTS_ONLY_LOAD detected, since the`weights_only` argument was not explicitly passed to `torch.load`, forcing weights_only=False.
  model_foundation = torch.load(
/home/p.zanineli/miniconda3/envs/mace/lib/python3.9/site-packages/mace/calculators/mace.py:139: UserWarning: Environment variable TORCH_FORCE_NO_WEIGHTS_ONLY_LOAD detected, since the`weights_only` argument was not explicitly passed to `torch.load`, forcing weights_only=False.
  torch.load(f=model_path, map_location=device)
/home/p.zanineli/miniconda3/envs/mace/lib/python3.9/site-packages/torch/jit/_check.py:178: UserWarning: The TorchScript type system doesn't support instance-level annotations on empty non-base types in `__init__`. Instead, either 1) use a type annotation in the class body, or 2) wrap the type in `torch.jit.Attribute`.
  warnings.warn(
/home/p.zanineli/miniconda3/envs/mace/lib/python3.9/site-packages/torch/jit/_check.py:178: UserWarning: The TorchScript type system doesn't support instance-level annotations on empty non-base types in `__init__`. Instead, either 1) use a type annotation in the class body, or 2) wrap the type in `torch.jit.Attribute`.
  warnings.warn(
/home/p.zanineli/miniconda3/envs/mace/lib/python3.9/site-packages/torch/jit/_check.py:178: UserWarning: The TorchScript type system doesn't support instance-level annotations on empty non-base types in `__init__`. Instead, either 1) use a type annotation in the class body, or 2) wrap the type in `torch.jit.Attribute`.
  warnings.warn(
/home/p.zanineli/miniconda3/envs/mace/lib/python3.9/site-packages/torch/jit/_check.py:178: UserWarning: The TorchScript type system doesn't support instance-level annotations on empty non-base types in `__init__`. Instead, either 1) use a type annotation in the class body, or 2) wrap the type in `torch.jit.Attribute`.
  warnings.warn(
/home/p.zanineli/miniconda3/envs/mace/lib/python3.9/site-packages/torch/jit/_check.py:178: UserWarning: The TorchScript type system doesn't support instance-level annotations on empty non-base types in `__init__`. Instead, either 1) use a type annotation in the class body, or 2) wrap the type in `torch.jit.Attribute`.
  warnings.warn(
/home/p.zanineli/miniconda3/envs/mace/lib/python3.9/site-packages/torch/jit/_check.py:178: UserWarning: The TorchScript type system doesn't support instance-level annotations on empty non-base types in `__init__`. Instead, either 1) use a type annotation in the class body, or 2) wrap the type in `torch.jit.Attribute`.
  warnings.warn(
/home/p.zanineli/miniconda3/envs/mace/lib/python3.9/site-packages/torch/jit/_check.py:178: UserWarning: The TorchScript type system doesn't support instance-level annotations on empty non-base types in `__init__`. Instead, either 1) use a type annotation in the class body, or 2) wrap the type in `torch.jit.Attribute`.
  warnings.warn(
/home/p.zanineli/miniconda3/envs/mace/lib/python3.9/site-packages/torch/jit/_check.py:178: UserWarning: The TorchScript type system doesn't support instance-level annotations on empty non-base types in `__init__`. Instead, either 1) use a type annotation in the class body, or 2) wrap the type in `torch.jit.Attribute`.
  warnings.warn(
/home/p.zanineli/miniconda3/envs/mace/lib/python3.9/site-packages/torch/jit/_check.py:178: UserWarning: The TorchScript type system doesn't support instance-level annotations on empty non-base types in `__init__`. Instead, either 1) use a type annotation in the class body, or 2) wrap the type in `torch.jit.Attribute`.
  warnings.warn(
/home/p.zanineli/miniconda3/envs/mace/lib/python3.9/site-packages/torch/jit/_check.py:178: UserWarning: The TorchScript type system doesn't support instance-level annotations on empty non-base types in `__init__`. Instead, either 1) use a type annotation in the class body, or 2) wrap the type in `torch.jit.Attribute`.
  warnings.warn(
/home/p.zanineli/miniconda3/envs/mace/lib/python3.9/site-packages/torch/jit/_check.py:178: UserWarning: The TorchScript type system doesn't support instance-level annotations on empty non-base types in `__init__`. Instead, either 1) use a type annotation in the class body, or 2) wrap the type in `torch.jit.Attribute`.
  warnings.warn(
/home/p.zanineli/miniconda3/envs/mace/lib/python3.9/site-packages/torch/jit/_check.py:178: UserWarning: The TorchScript type system doesn't support instance-level annotations on empty non-base types in `__init__`. Instead, either 1) use a type annotation in the class body, or 2) wrap the type in `torch.jit.Attribute`.
  warnings.warn(
/home/p.zanineli/miniconda3/envs/mace/lib/python3.9/site-packages/torch/jit/_check.py:178: UserWarning: The TorchScript type system doesn't support instance-level annotations on empty non-base types in `__init__`. Instead, either 1) use a type annotation in the class body, or 2) wrap the type in `torch.jit.Attribute`.
  warnings.warn(
/home/p.zanineli/miniconda3/envs/mace/lib/python3.9/site-packages/torch/jit/_check.py:178: UserWarning: The TorchScript type system doesn't support instance-level annotations on empty non-base types in `__init__`. Instead, either 1) use a type annotation in the class body, or 2) wrap the type in `torch.jit.Attribute`.
  warnings.warn(
Traceback (most recent call last):
  File "/home/p.zanineli/miniconda3/envs/mace/bin/mace_run_train", line 8, in <module>
    sys.exit(main())
  File "/home/p.zanineli/miniconda3/envs/mace/lib/python3.9/site-packages/mace/cli/run_train.py", line 72, in main
    run(args)
  File "/home/p.zanineli/miniconda3/envs/mace/lib/python3.9/site-packages/mace/cli/run_train.py", line 809, in run
    tools.train(
  File "/home/p.zanineli/miniconda3/envs/mace/lib/python3.9/site-packages/mace/tools/train.py", line 321, in train
    checkpoint_handler.save(
  File "/home/p.zanineli/miniconda3/envs/mace/lib/python3.9/site-packages/mace/tools/checkpoint.py", line 201, in save
    self.io.save(checkpoint, epochs, keep_last)
  File "/home/p.zanineli/miniconda3/envs/mace/lib/python3.9/site-packages/mace/tools/checkpoint.py", line 165, in save
    torch.save(obj=checkpoint, f=path)
  File "/home/p.zanineli/miniconda3/envs/mace/lib/python3.9/site-packages/torch/serialization.py", line 943, in save
    with _open_zipfile_writer(f) as opened_zipfile:
  File "/home/p.zanineli/miniconda3/envs/mace/lib/python3.9/site-packages/torch/serialization.py", line 810, in _open_zipfile_writer
    return container(name_or_buffer)
  File "/home/p.zanineli/miniconda3/envs/mace/lib/python3.9/site-packages/torch/serialization.py", line 781, in __init__
    super().__init__(torch._C.PyTorchFileWriter(self.name, _compute_crc32))
RuntimeError: Parent directory ./checkpoints/fine-tuned does not exist.
/home/p.zanineli/miniconda3/envs/mace/lib/python3.9/site-packages/e3nn/o3/_wigner.py:10: UserWarning: Environment variable TORCH_FORCE_NO_WEIGHTS_ONLY_LOAD detected, since the`weights_only` argument was not explicitly passed to `torch.load`, forcing weights_only=False.
  _Jd, _W3j_flat, _W3j_indices = torch.load(os.path.join(os.path.dirname(__file__), 'constants.pt'))
/home/p.zanineli/miniconda3/envs/mace/lib/python3.9/site-packages/mace/cli/run_train.py:149: UserWarning: Environment variable TORCH_FORCE_NO_WEIGHTS_ONLY_LOAD detected, since the`weights_only` argument was not explicitly passed to `torch.load`, forcing weights_only=False.
  model_foundation = torch.load(
/home/p.zanineli/miniconda3/envs/mace/lib/python3.9/site-packages/mace/calculators/mace.py:139: UserWarning: Environment variable TORCH_FORCE_NO_WEIGHTS_ONLY_LOAD detected, since the`weights_only` argument was not explicitly passed to `torch.load`, forcing weights_only=False.
  torch.load(f=model_path, map_location=device)
/home/p.zanineli/miniconda3/envs/mace/lib/python3.9/site-packages/torch/jit/_check.py:178: UserWarning: The TorchScript type system doesn't support instance-level annotations on empty non-base types in `__init__`. Instead, either 1) use a type annotation in the class body, or 2) wrap the type in `torch.jit.Attribute`.
  warnings.warn(
/home/p.zanineli/miniconda3/envs/mace/lib/python3.9/site-packages/torch/jit/_check.py:178: UserWarning: The TorchScript type system doesn't support instance-level annotations on empty non-base types in `__init__`. Instead, either 1) use a type annotation in the class body, or 2) wrap the type in `torch.jit.Attribute`.
  warnings.warn(
/home/p.zanineli/miniconda3/envs/mace/lib/python3.9/site-packages/torch/jit/_check.py:178: UserWarning: The TorchScript type system doesn't support instance-level annotations on empty non-base types in `__init__`. Instead, either 1) use a type annotation in the class body, or 2) wrap the type in `torch.jit.Attribute`.
  warnings.warn(
/home/p.zanineli/miniconda3/envs/mace/lib/python3.9/site-packages/torch/jit/_check.py:178: UserWarning: The TorchScript type system doesn't support instance-level annotations on empty non-base types in `__init__`. Instead, either 1) use a type annotation in the class body, or 2) wrap the type in `torch.jit.Attribute`.
  warnings.warn(
/home/p.zanineli/miniconda3/envs/mace/lib/python3.9/site-packages/torch/jit/_check.py:178: UserWarning: The TorchScript type system doesn't support instance-level annotations on empty non-base types in `__init__`. Instead, either 1) use a type annotation in the class body, or 2) wrap the type in `torch.jit.Attribute`.
  warnings.warn(
/home/p.zanineli/miniconda3/envs/mace/lib/python3.9/site-packages/torch/jit/_check.py:178: UserWarning: The TorchScript type system doesn't support instance-level annotations on empty non-base types in `__init__`. Instead, either 1) use a type annotation in the class body, or 2) wrap the type in `torch.jit.Attribute`.
  warnings.warn(
/home/p.zanineli/miniconda3/envs/mace/lib/python3.9/site-packages/torch/jit/_check.py:178: UserWarning: The TorchScript type system doesn't support instance-level annotations on empty non-base types in `__init__`. Instead, either 1) use a type annotation in the class body, or 2) wrap the type in `torch.jit.Attribute`.
  warnings.warn(
/home/p.zanineli/miniconda3/envs/mace/lib/python3.9/site-packages/torch/jit/_check.py:178: UserWarning: The TorchScript type system doesn't support instance-level annotations on empty non-base types in `__init__`. Instead, either 1) use a type annotation in the class body, or 2) wrap the type in `torch.jit.Attribute`.
  warnings.warn(
/home/p.zanineli/miniconda3/envs/mace/lib/python3.9/site-packages/torch/jit/_check.py:178: UserWarning: The TorchScript type system doesn't support instance-level annotations on empty non-base types in `__init__`. Instead, either 1) use a type annotation in the class body, or 2) wrap the type in `torch.jit.Attribute`.
  warnings.warn(
/home/p.zanineli/miniconda3/envs/mace/lib/python3.9/site-packages/torch/jit/_check.py:178: UserWarning: The TorchScript type system doesn't support instance-level annotations on empty non-base types in `__init__`. Instead, either 1) use a type annotation in the class body, or 2) wrap the type in `torch.jit.Attribute`.
  warnings.warn(
/home/p.zanineli/miniconda3/envs/mace/lib/python3.9/site-packages/torch/jit/_check.py:178: UserWarning: The TorchScript type system doesn't support instance-level annotations on empty non-base types in `__init__`. Instead, either 1) use a type annotation in the class body, or 2) wrap the type in `torch.jit.Attribute`.
  warnings.warn(
/home/p.zanineli/miniconda3/envs/mace/lib/python3.9/site-packages/torch/jit/_check.py:178: UserWarning: The TorchScript type system doesn't support instance-level annotations on empty non-base types in `__init__`. Instead, either 1) use a type annotation in the class body, or 2) wrap the type in `torch.jit.Attribute`.
  warnings.warn(
/home/p.zanineli/miniconda3/envs/mace/lib/python3.9/site-packages/torch/jit/_check.py:178: UserWarning: The TorchScript type system doesn't support instance-level annotations on empty non-base types in `__init__`. Instead, either 1) use a type annotation in the class body, or 2) wrap the type in `torch.jit.Attribute`.
  warnings.warn(
/home/p.zanineli/miniconda3/envs/mace/lib/python3.9/site-packages/torch/jit/_check.py:178: UserWarning: The TorchScript type system doesn't support instance-level annotations on empty non-base types in `__init__`. Instead, either 1) use a type annotation in the class body, or 2) wrap the type in `torch.jit.Attribute`.
  warnings.warn(
Traceback (most recent call last):
  File "/home/p.zanineli/miniconda3/envs/mace/bin/mace_run_train", line 8, in <module>
    sys.exit(main())
  File "/home/p.zanineli/miniconda3/envs/mace/lib/python3.9/site-packages/mace/cli/run_train.py", line 72, in main
    run(args)
  File "/home/p.zanineli/miniconda3/envs/mace/lib/python3.9/site-packages/mace/cli/run_train.py", line 809, in run
    tools.train(
  File "/home/p.zanineli/miniconda3/envs/mace/lib/python3.9/site-packages/mace/tools/train.py", line 321, in train
    checkpoint_handler.save(
  File "/home/p.zanineli/miniconda3/envs/mace/lib/python3.9/site-packages/mace/tools/checkpoint.py", line 201, in save
    self.io.save(checkpoint, epochs, keep_last)
  File "/home/p.zanineli/miniconda3/envs/mace/lib/python3.9/site-packages/mace/tools/checkpoint.py", line 165, in save
    torch.save(obj=checkpoint, f=path)
  File "/home/p.zanineli/miniconda3/envs/mace/lib/python3.9/site-packages/torch/serialization.py", line 943, in save
    with _open_zipfile_writer(f) as opened_zipfile:
  File "/home/p.zanineli/miniconda3/envs/mace/lib/python3.9/site-packages/torch/serialization.py", line 810, in _open_zipfile_writer
    return container(name_or_buffer)
  File "/home/p.zanineli/miniconda3/envs/mace/lib/python3.9/site-packages/torch/serialization.py", line 781, in __init__
    super().__init__(torch._C.PyTorchFileWriter(self.name, _compute_crc32))
RuntimeError: Parent directory ./checkpoints/fine-tuned does not exist.
/home/p.zanineli/miniconda3/envs/mace/lib/python3.9/site-packages/e3nn/o3/_wigner.py:10: UserWarning: Environment variable TORCH_FORCE_NO_WEIGHTS_ONLY_LOAD detected, since the`weights_only` argument was not explicitly passed to `torch.load`, forcing weights_only=False.
  _Jd, _W3j_flat, _W3j_indices = torch.load(os.path.join(os.path.dirname(__file__), 'constants.pt'))
/home/p.zanineli/miniconda3/envs/mace/lib/python3.9/site-packages/mace/cli/run_train.py:149: UserWarning: Environment variable TORCH_FORCE_NO_WEIGHTS_ONLY_LOAD detected, since the`weights_only` argument was not explicitly passed to `torch.load`, forcing weights_only=False.
  model_foundation = torch.load(
/home/p.zanineli/miniconda3/envs/mace/lib/python3.9/site-packages/mace/calculators/mace.py:139: UserWarning: Environment variable TORCH_FORCE_NO_WEIGHTS_ONLY_LOAD detected, since the`weights_only` argument was not explicitly passed to `torch.load`, forcing weights_only=False.
  torch.load(f=model_path, map_location=device)
/home/p.zanineli/miniconda3/envs/mace/lib/python3.9/site-packages/torch/jit/_check.py:178: UserWarning: The TorchScript type system doesn't support instance-level annotations on empty non-base types in `__init__`. Instead, either 1) use a type annotation in the class body, or 2) wrap the type in `torch.jit.Attribute`.
  warnings.warn(
/home/p.zanineli/miniconda3/envs/mace/lib/python3.9/site-packages/torch/jit/_check.py:178: UserWarning: The TorchScript type system doesn't support instance-level annotations on empty non-base types in `__init__`. Instead, either 1) use a type annotation in the class body, or 2) wrap the type in `torch.jit.Attribute`.
  warnings.warn(
/home/p.zanineli/miniconda3/envs/mace/lib/python3.9/site-packages/torch/jit/_check.py:178: UserWarning: The TorchScript type system doesn't support instance-level annotations on empty non-base types in `__init__`. Instead, either 1) use a type annotation in the class body, or 2) wrap the type in `torch.jit.Attribute`.
  warnings.warn(
/home/p.zanineli/miniconda3/envs/mace/lib/python3.9/site-packages/torch/jit/_check.py:178: UserWarning: The TorchScript type system doesn't support instance-level annotations on empty non-base types in `__init__`. Instead, either 1) use a type annotation in the class body, or 2) wrap the type in `torch.jit.Attribute`.
  warnings.warn(
/home/p.zanineli/miniconda3/envs/mace/lib/python3.9/site-packages/torch/jit/_check.py:178: UserWarning: The TorchScript type system doesn't support instance-level annotations on empty non-base types in `__init__`. Instead, either 1) use a type annotation in the class body, or 2) wrap the type in `torch.jit.Attribute`.
  warnings.warn(
/home/p.zanineli/miniconda3/envs/mace/lib/python3.9/site-packages/torch/jit/_check.py:178: UserWarning: The TorchScript type system doesn't support instance-level annotations on empty non-base types in `__init__`. Instead, either 1) use a type annotation in the class body, or 2) wrap the type in `torch.jit.Attribute`.
  warnings.warn(
/home/p.zanineli/miniconda3/envs/mace/lib/python3.9/site-packages/torch/jit/_check.py:178: UserWarning: The TorchScript type system doesn't support instance-level annotations on empty non-base types in `__init__`. Instead, either 1) use a type annotation in the class body, or 2) wrap the type in `torch.jit.Attribute`.
  warnings.warn(
/home/p.zanineli/miniconda3/envs/mace/lib/python3.9/site-packages/torch/jit/_check.py:178: UserWarning: The TorchScript type system doesn't support instance-level annotations on empty non-base types in `__init__`. Instead, either 1) use a type annotation in the class body, or 2) wrap the type in `torch.jit.Attribute`.
  warnings.warn(
/home/p.zanineli/miniconda3/envs/mace/lib/python3.9/site-packages/torch/jit/_check.py:178: UserWarning: The TorchScript type system doesn't support instance-level annotations on empty non-base types in `__init__`. Instead, either 1) use a type annotation in the class body, or 2) wrap the type in `torch.jit.Attribute`.
  warnings.warn(
/home/p.zanineli/miniconda3/envs/mace/lib/python3.9/site-packages/torch/jit/_check.py:178: UserWarning: The TorchScript type system doesn't support instance-level annotations on empty non-base types in `__init__`. Instead, either 1) use a type annotation in the class body, or 2) wrap the type in `torch.jit.Attribute`.
  warnings.warn(
/home/p.zanineli/miniconda3/envs/mace/lib/python3.9/site-packages/torch/jit/_check.py:178: UserWarning: The TorchScript type system doesn't support instance-level annotations on empty non-base types in `__init__`. Instead, either 1) use a type annotation in the class body, or 2) wrap the type in `torch.jit.Attribute`.
  warnings.warn(
/home/p.zanineli/miniconda3/envs/mace/lib/python3.9/site-packages/torch/jit/_check.py:178: UserWarning: The TorchScript type system doesn't support instance-level annotations on empty non-base types in `__init__`. Instead, either 1) use a type annotation in the class body, or 2) wrap the type in `torch.jit.Attribute`.
  warnings.warn(
/home/p.zanineli/miniconda3/envs/mace/lib/python3.9/site-packages/torch/jit/_check.py:178: UserWarning: The TorchScript type system doesn't support instance-level annotations on empty non-base types in `__init__`. Instead, either 1) use a type annotation in the class body, or 2) wrap the type in `torch.jit.Attribute`.
  warnings.warn(
/home/p.zanineli/miniconda3/envs/mace/lib/python3.9/site-packages/torch/jit/_check.py:178: UserWarning: The TorchScript type system doesn't support instance-level annotations on empty non-base types in `__init__`. Instead, either 1) use a type annotation in the class body, or 2) wrap the type in `torch.jit.Attribute`.
  warnings.warn(
Traceback (most recent call last):
  File "/home/p.zanineli/miniconda3/envs/mace/bin/mace_run_train", line 8, in <module>
    sys.exit(main())
  File "/home/p.zanineli/miniconda3/envs/mace/lib/python3.9/site-packages/mace/cli/run_train.py", line 72, in main
    run(args)
  File "/home/p.zanineli/miniconda3/envs/mace/lib/python3.9/site-packages/mace/cli/run_train.py", line 809, in run
    tools.train(
  File "/home/p.zanineli/miniconda3/envs/mace/lib/python3.9/site-packages/mace/tools/train.py", line 321, in train
    checkpoint_handler.save(
  File "/home/p.zanineli/miniconda3/envs/mace/lib/python3.9/site-packages/mace/tools/checkpoint.py", line 201, in save
    self.io.save(checkpoint, epochs, keep_last)
  File "/home/p.zanineli/miniconda3/envs/mace/lib/python3.9/site-packages/mace/tools/checkpoint.py", line 165, in save
    torch.save(obj=checkpoint, f=path)
  File "/home/p.zanineli/miniconda3/envs/mace/lib/python3.9/site-packages/torch/serialization.py", line 943, in save
    with _open_zipfile_writer(f) as opened_zipfile:
  File "/home/p.zanineli/miniconda3/envs/mace/lib/python3.9/site-packages/torch/serialization.py", line 810, in _open_zipfile_writer
    return container(name_or_buffer)
  File "/home/p.zanineli/miniconda3/envs/mace/lib/python3.9/site-packages/torch/serialization.py", line 781, in __init__
    super().__init__(torch._C.PyTorchFileWriter(self.name, _compute_crc32))
RuntimeError: Parent directory ./checkpoints/fine-tuned does not exist.
