cuequivariance or cuequivariance_torch is not available. Cuequivariance acceleration will be disabled.
2025-04-05 12:09:02.526 INFO: ===========VERIFYING SETTINGS===========
2025-04-05 12:09:02.527 INFO: MACE version: 0.3.12
2025-04-05 12:09:02.638 INFO: CUDA version: 12.4, CUDA device: 0
2025-04-05 12:09:03.403 INFO: Using foundation model pre-trained/mace-mp0a-small.model as initial checkpoint.
2025-04-05 12:09:03.409 INFO: Multihead finetuning mode, setting learning rate to 0.001 and EMA to True. To use a different learning rate, set --force_mh_ft_lr=True.
2025-04-05 12:09:03.410 INFO: Using multiheads finetuning mode, setting learning rate to 0.001 and EMA to True
2025-04-05 12:09:03.411 INFO: ===========LOADING INPUT DATA===========
2025-04-05 12:09:03.412 INFO: Using heads: ['default']
2025-04-05 12:09:03.412 INFO: =============    Processing head default     ===========
2025-04-05 12:09:08.192 WARNING: Since ASE version 3.23.0b1, using energy_key 'energy' is no longer safe when communicating between MACE and ASE. We recommend using a different key, rewriting 'energy' to 'REF_energy'. You need to use --energy_key='REF_energy' to specify the chosen key name.
2025-04-05 12:09:09.822 WARNING: Since ASE version 3.23.0b1, using forces_key 'forces' is no longer safe when communicating between MACE and ASE. We recommend using a different key, rewriting 'forces' to 'REF_forces'. You need to use --forces_key='REF_forces' to specify the chosen key name.
2025-04-05 12:09:11.487 WARNING: Since ASE version 3.23.0b1, using stress_key 'stress' is no longer safe when communicating between MACE and ASE. We recommend using a different key, rewriting 'stress' to 'REF_stress'. You need to use --stress_key='REF_stress' to specify the chosen key name.
2025-04-05 12:09:13.080 INFO: Training file 1/1 [11546 configs, 11546 energy, 11546 forces, 11546 stresses] loaded from '../data/train.xyz'
2025-04-05 12:09:13.086 INFO: Total training set [11546 configs, 11546 energy, 11546 forces, 11546 stresses]
2025-04-05 12:09:13.092 INFO: Using random 5% of training set for validation with indices saved in: ./valid_indices_3.txt
2025-04-05 12:09:13.094 INFO: Validation set contains 577 configurations [577 energy, 577 forces, 577 stresses]
2025-04-05 12:09:14.164 WARNING: Since ASE version 3.23.0b1, using energy_key 'energy' is no longer safe when communicating between MACE and ASE. We recommend using a different key, rewriting 'energy' to 'REF_energy'. You need to use --energy_key='REF_energy' to specify the chosen key name.
2025-04-05 12:09:14.583 WARNING: Since ASE version 3.23.0b1, using forces_key 'forces' is no longer safe when communicating between MACE and ASE. We recommend using a different key, rewriting 'forces' to 'REF_forces'. You need to use --forces_key='REF_forces' to specify the chosen key name.
2025-04-05 12:09:15.011 WARNING: Since ASE version 3.23.0b1, using stress_key 'stress' is no longer safe when communicating between MACE and ASE. We recommend using a different key, rewriting 'stress' to 'REF_stress'. You need to use --stress_key='REF_stress' to specify the chosen key name.
2025-04-05 12:09:15.406 INFO: Test file 1/1 [2888 configs, 2888 energy, 2888 forces, 2888 stresses] loaded from '../data/test.xyz'
2025-04-05 12:09:15.408 INFO: Total test set (2888 configs):
2025-04-05 12:09:15.411 INFO: Default_default: 2888 configs, 2888 energy, 2888 forces, 2888 stresses
2025-04-05 12:09:15.412 INFO: Total number of configurations: train=10969, valid=577, tests=[Default_default: 2888],
2025-04-05 12:09:15.414 INFO: ==================Using multiheads finetuning mode==================
2025-04-05 12:09:15.415 INFO: Using foundation model for multiheads finetuning with Materials Project data
2025-04-05 12:09:15.417 INFO: Using Materials Project dataset with /home/p.zanineli/.cache/mace/mp_traj_combinedxyz
2025-04-05 12:09:15.418 INFO: Using Materials Project descriptors with /home/p.zanineli/.cache/mace/descriptorsnpy
2025-04-05 12:09:15.554 INFO: CUDA version: 12.4, CUDA device: 0
2025-04-05 12:09:21.564 INFO: Filtering configurations based on the finetuning set, filtering type: combinations, elements: ['O' 'Zr']
2025-04-05 12:10:36.254 INFO: Number of configurations after filtering 58 is less than the number of samples 100000, selecting random configurations for the rest.
2025-04-05 12:10:40.525 INFO: Saving the selected configurations
2025-04-05 12:11:14.637 INFO: Saving a combined XYZ file
2025-04-05 12:12:49.595 WARNING: Since ASE version 3.23.0b1, using energy_key 'energy' is no longer safe when communicating between MACE and ASE. We recommend using a different key, rewriting 'energy' to 'REF_energy'. You need to use --energy_key='REF_energy' to specify the chosen key name.
2025-04-05 12:13:04.162 WARNING: Since ASE version 3.23.0b1, using forces_key 'forces' is no longer safe when communicating between MACE and ASE. We recommend using a different key, rewriting 'forces' to 'REF_forces'. You need to use --forces_key='REF_forces' to specify the chosen key name.
2025-04-05 12:13:18.900 WARNING: Since ASE version 3.23.0b1, using stress_key 'stress' is no longer safe when communicating between MACE and ASE. We recommend using a different key, rewriting 'stress' to 'REF_stress'. You need to use --stress_key='REF_stress' to specify the chosen key name.
2025-04-05 12:13:36.707 INFO: Training file 1/1 [100000 configs, 100000 energy, 100000 forces, 100000 stresses] loaded from 'mp_finetuning-fine-tuned/Opt_ZrO2_small_MACE_run-3.xyz'
2025-04-05 12:13:36.798 INFO: Total training set [100000 configs, 100000 energy, 100000 forces, 100000 stresses]
2025-04-05 12:13:36.806 INFO: Using random 5% of training set for validation with indices saved in: ./valid_indices_3.txt
2025-04-05 12:13:36.824 INFO: Validation set contains 5000 configurations [5000 energy, 5000 forces, 5000 stresses]
2025-04-05 12:13:36.827 INFO: Total number of configurations in pretraining: train=95000, valid=5000
2025-04-05 12:13:37.475 INFO: Atomic Numbers used: [1, 2, 3, 4, 5, 6, 7, 8, 9, 11, 12, 13, 14, 15, 16, 17, 18, 19, 20, 21, 22, 23, 24, 25, 26, 27, 28, 29, 30, 31, 32, 33, 34, 35, 36, 37, 38, 39, 40, 41, 42, 43, 44, 45, 46, 47, 48, 49, 50, 51, 52, 53, 54, 55, 56, 57, 58, 59, 60, 61, 62, 63, 64, 65, 66, 67, 68, 69, 70, 71, 72, 73, 74, 75, 76, 77, 78, 79, 80, 81, 82, 83, 89, 90, 91, 92, 93, 94]
2025-04-05 12:13:37.485 INFO: Atomic Energies used (z: eV) for head default: {8: -7.28459863421322, 40: -11.846857579882572}
2025-04-05 12:13:37.486 INFO: Atomic Energies used (z: eV) for head pt_head: {1: -3.667168021358939, 2: -1.3320953124042916, 3: -3.482100566595956, 4: -4.736697230897597, 5: -7.724935420523256, 6: -8.405573550273285, 7: -7.360100452662763, 8: -7.28459863421322, 9: -4.896490881731322, 11: -2.7593613569762425, 12: -2.814047612069227, 13: -4.846881245288104, 14: -7.694793133351899, 15: -6.9632957911820235, 16: -4.672630400190884, 17: -2.8116892814008096, 18: -0.06259504416367478, 19: -2.6176454856894793, 20: -5.390461060484104, 21: -7.8857952163517675, 22: -10.268392986214433, 23: -8.665147785496703, 24: -9.233050763772013, 25: -8.304951520770791, 26: -7.0489865771593765, 27: -5.577439766222147, 28: -5.172747618813715, 29: -3.2520726958619472, 30: -1.2901611618726314, 31: -3.527082192997912, 32: -4.70845955030298, 33: -3.9765109025623238, 34: -3.886231055836541, 35: -2.5184940099633986, 36: 6.766947645687137, 37: -2.5634958965928316, 38: -4.938005211501922, 39: -10.149818838085771, 40: -11.846857579882572, 41: -12.138896361658485, 42: -8.791678800595722, 43: -8.78694939675911, 44: -7.78093221529871, 45: -6.850021409115055, 46: -4.891019073240479, 47: -2.0634296773864045, 48: -0.6395695518943755, 49: -2.7887442084286693, 50: -3.818604275441892, 51: -3.587068329278862, 52: -2.8804045971118897, 53: -1.6355986842433357, 54: 9.846723842807721, 55: -2.765284507132287, 56: -4.990956432167774, 57: -8.933684809576345, 58: -8.735591176647514, 59: -8.018966025544966, 60: -8.251491970213372, 61: -7.591719594359237, 62: -8.169659881166858, 63: -13.592664636171698, 64: -18.517523458456985, 65: -7.647396572993602, 66: -8.122981037851925, 67: -7.607787319678067, 68: -6.85029094445494, 69: -7.8268821327130365, 70: -3.584786591677161, 71: -7.455406192077973, 72: -12.796283502572146, 73: -14.108127281277586, 74: -9.354916969477486, 75: -11.387537567890853, 76: -9.621909492152557, 77: -7.324393429417677, 78: -5.3046964808341945, 79: -2.380092582080244, 80: 0.24948924158195362, 81: -2.3239789120665026, 82: -3.730042357127322, 83: -3.438792347649683, 89: -5.062878214511315, 90: -11.02462566385297, 91: -12.265613551943261, 92: -13.855648206100362, 93: -14.933092020258243, 94: -15.282826131998245}
2025-04-05 12:13:37.487 INFO: Processing datasets for head 'default'
2025-04-05 12:14:03.420 INFO: Combining 1 list datasets for head 'default'
2025-04-05 12:14:04.450 INFO: Head 'default' training dataset size: 10969
2025-04-05 12:14:04.456 INFO: Processing datasets for head 'pt_head'
2025-04-05 12:16:25.051 INFO: Combining 1 list datasets for head 'pt_head'
2025-04-05 12:16:33.529 INFO: Head 'pt_head' training dataset size: 95000
2025-04-05 12:16:33.531 INFO: Average number of neighbors: 61.964672446250916
2025-04-05 12:16:33.532 INFO: During training the following quantities will be reported: energy, forces, virials, stress
2025-04-05 12:16:33.533 INFO: ===========MODEL DETAILS===========
2025-04-05 12:18:07.530 INFO: Loading FOUNDATION model
2025-04-05 12:18:07.537 INFO: Using filtered elements: [1, 2, 3, 4, 5, 6, 7, 8, 9, 11, 12, 13, 14, 15, 16, 17, 18, 19, 20, 21, 22, 23, 24, 25, 26, 27, 28, 29, 30, 31, 32, 33, 34, 35, 36, 37, 38, 39, 40, 41, 42, 43, 44, 45, 46, 47, 48, 49, 50, 51, 52, 53, 54, 55, 56, 57, 58, 59, 60, 61, 62, 63, 64, 65, 66, 67, 68, 69, 70, 71, 72, 73, 74, 75, 76, 77, 78, 79, 80, 81, 82, 83, 89, 90, 91, 92, 93, 94]
2025-04-05 12:18:07.546 INFO: Model configuration extracted from foundation model
2025-04-05 12:18:07.551 INFO: Using universal loss function for fine-tuning
2025-04-05 12:18:07.556 INFO: Message passing with hidden irreps 128x0e)
2025-04-05 12:18:07.562 INFO: 2 layers, each with correlation order: 3 (body order: 4) and spherical harmonics up to: l=3
2025-04-05 12:18:07.565 INFO: Radial cutoff: 6.0 A (total receptive field for each atom: 12.0 A)
2025-04-05 12:18:07.566 INFO: Distance transform for radial basis functions: None
2025-04-05 12:18:09.406 INFO: Total number of parameters: 3809866
2025-04-05 12:18:09.407 INFO: 
2025-04-05 12:18:09.408 INFO: ===========OPTIMIZER INFORMATION===========
2025-04-05 12:18:09.408 INFO: Using ADAM as parameter optimizer
2025-04-05 12:18:09.409 INFO: Batch size: 2
2025-04-05 12:18:09.410 INFO: Using Exponential Moving Average with decay: 0.99999
2025-04-05 12:18:09.410 INFO: Number of gradient updates: 317907
2025-04-05 12:18:09.411 INFO: Learning rate: 0.0001, weight decay: 5e-07
2025-04-05 12:18:09.412 INFO: UniversalLoss(energy_weight=1.000, forces_weight=1.000, stress_weight=1.000)
2025-04-05 12:18:09.415 INFO: Using gradient clipping with tolerance=10.000
2025-04-05 12:18:09.416 INFO: 
2025-04-05 12:18:09.416 INFO: ===========TRAINING===========
2025-04-05 12:18:09.417 INFO: Started training, reporting errors on validation set
2025-04-05 12:18:09.418 INFO: Loss metrics on validation set
2025-04-05 12:19:03.155 INFO: Initial: head: pt_head, loss=0.00007839, RMSE_E_per_atom=   73.89 meV, RMSE_F=  161.54 meV / A, RMSE_stress=   16.47 meV / A^3
2025-04-05 12:19:09.263 INFO: Initial: head: default, loss=0.00365687, RMSE_E_per_atom=   95.60 meV, RMSE_F=  442.02 meV / A, RMSE_stress=17590.01 meV / A^3
2025-04-05 13:22:32.092 INFO: Epoch 0: head: pt_head, loss=0.00008460, RMSE_E_per_atom=   81.56 meV, RMSE_F=  336.83 meV / A, RMSE_stress=   17.11 meV / A^3
2025-04-05 13:22:38.181 INFO: Epoch 0: head: default, loss=0.00336303, RMSE_E_per_atom=   19.09 meV, RMSE_F=  170.36 meV / A, RMSE_stress=17587.88 meV / A^3
total time: 4446 seconds
cuequivariance or cuequivariance_torch is not available. Cuequivariance acceleration will be disabled.
2025-04-05 13:23:06.138 INFO: ===========VERIFYING SETTINGS===========
2025-04-05 13:23:06.158 INFO: MACE version: 0.3.12
2025-04-05 13:23:06.264 INFO: CUDA version: 12.4, CUDA device: 0
2025-04-05 13:23:06.931 INFO: Using foundation model pre-trained/mace-mp0a-medium.model as initial checkpoint.
2025-04-05 13:23:06.933 INFO: Multihead finetuning mode, setting learning rate to 0.001 and EMA to True. To use a different learning rate, set --force_mh_ft_lr=True.
2025-04-05 13:23:06.934 INFO: Using multiheads finetuning mode, setting learning rate to 0.001 and EMA to True
2025-04-05 13:23:06.935 INFO: ===========LOADING INPUT DATA===========
2025-04-05 13:23:06.936 INFO: Using heads: ['default']
2025-04-05 13:23:06.936 INFO: =============    Processing head default     ===========
2025-04-05 13:23:11.742 WARNING: Since ASE version 3.23.0b1, using energy_key 'energy' is no longer safe when communicating between MACE and ASE. We recommend using a different key, rewriting 'energy' to 'REF_energy'. You need to use --energy_key='REF_energy' to specify the chosen key name.
2025-04-05 13:23:13.408 WARNING: Since ASE version 3.23.0b1, using forces_key 'forces' is no longer safe when communicating between MACE and ASE. We recommend using a different key, rewriting 'forces' to 'REF_forces'. You need to use --forces_key='REF_forces' to specify the chosen key name.
2025-04-05 13:23:15.106 WARNING: Since ASE version 3.23.0b1, using stress_key 'stress' is no longer safe when communicating between MACE and ASE. We recommend using a different key, rewriting 'stress' to 'REF_stress'. You need to use --stress_key='REF_stress' to specify the chosen key name.
2025-04-05 13:23:16.697 INFO: Training file 1/1 [11546 configs, 11546 energy, 11546 forces, 11546 stresses] loaded from '../data/train.xyz'
2025-04-05 13:23:16.702 INFO: Total training set [11546 configs, 11546 energy, 11546 forces, 11546 stresses]
2025-04-05 13:23:16.707 INFO: Using random 5% of training set for validation with indices saved in: ./valid_indices_3.txt
2025-04-05 13:23:16.709 INFO: Validation set contains 577 configurations [577 energy, 577 forces, 577 stresses]
2025-04-05 13:23:17.780 WARNING: Since ASE version 3.23.0b1, using energy_key 'energy' is no longer safe when communicating between MACE and ASE. We recommend using a different key, rewriting 'energy' to 'REF_energy'. You need to use --energy_key='REF_energy' to specify the chosen key name.
2025-04-05 13:23:18.200 WARNING: Since ASE version 3.23.0b1, using forces_key 'forces' is no longer safe when communicating between MACE and ASE. We recommend using a different key, rewriting 'forces' to 'REF_forces'. You need to use --forces_key='REF_forces' to specify the chosen key name.
2025-04-05 13:23:18.630 WARNING: Since ASE version 3.23.0b1, using stress_key 'stress' is no longer safe when communicating between MACE and ASE. We recommend using a different key, rewriting 'stress' to 'REF_stress'. You need to use --stress_key='REF_stress' to specify the chosen key name.
2025-04-05 13:23:19.029 INFO: Test file 1/1 [2888 configs, 2888 energy, 2888 forces, 2888 stresses] loaded from '../data/test.xyz'
2025-04-05 13:23:19.031 INFO: Total test set (2888 configs):
2025-04-05 13:23:19.033 INFO: Default_default: 2888 configs, 2888 energy, 2888 forces, 2888 stresses
2025-04-05 13:23:19.034 INFO: Total number of configurations: train=10969, valid=577, tests=[Default_default: 2888],
2025-04-05 13:23:19.035 INFO: ==================Using multiheads finetuning mode==================
2025-04-05 13:23:19.036 INFO: Using foundation model for multiheads finetuning with Materials Project data
2025-04-05 13:23:19.038 INFO: Using Materials Project dataset with /home/p.zanineli/.cache/mace/mp_traj_combinedxyz
2025-04-05 13:23:19.038 INFO: Using Materials Project descriptors with /home/p.zanineli/.cache/mace/descriptorsnpy
2025-04-05 13:23:19.193 INFO: CUDA version: 12.4, CUDA device: 0
2025-04-05 13:23:25.281 INFO: Filtering configurations based on the finetuning set, filtering type: combinations, elements: ['O' 'Zr']
2025-04-05 13:24:40.560 INFO: Number of configurations after filtering 58 is less than the number of samples 100000, selecting random configurations for the rest.
2025-04-05 13:24:44.851 INFO: Saving the selected configurations
2025-04-05 13:25:19.304 INFO: Saving a combined XYZ file
2025-04-05 13:26:55.700 WARNING: Since ASE version 3.23.0b1, using energy_key 'energy' is no longer safe when communicating between MACE and ASE. We recommend using a different key, rewriting 'energy' to 'REF_energy'. You need to use --energy_key='REF_energy' to specify the chosen key name.
2025-04-05 13:27:10.482 WARNING: Since ASE version 3.23.0b1, using forces_key 'forces' is no longer safe when communicating between MACE and ASE. We recommend using a different key, rewriting 'forces' to 'REF_forces'. You need to use --forces_key='REF_forces' to specify the chosen key name.
2025-04-05 13:27:25.409 WARNING: Since ASE version 3.23.0b1, using stress_key 'stress' is no longer safe when communicating between MACE and ASE. We recommend using a different key, rewriting 'stress' to 'REF_stress'. You need to use --stress_key='REF_stress' to specify the chosen key name.
2025-04-05 13:27:43.541 INFO: Training file 1/1 [100000 configs, 100000 energy, 100000 forces, 100000 stresses] loaded from 'mp_finetuning-fine-tuned/Opt_ZrO2_medium_MACE_run-3.xyz'
2025-04-05 13:27:43.643 INFO: Total training set [100000 configs, 100000 energy, 100000 forces, 100000 stresses]
2025-04-05 13:27:43.652 INFO: Using random 5% of training set for validation with indices saved in: ./valid_indices_3.txt
2025-04-05 13:27:43.669 INFO: Validation set contains 5000 configurations [5000 energy, 5000 forces, 5000 stresses]
2025-04-05 13:27:43.672 INFO: Total number of configurations in pretraining: train=95000, valid=5000
2025-04-05 13:27:44.285 INFO: Atomic Numbers used: [1, 2, 3, 4, 5, 6, 7, 8, 9, 11, 12, 13, 14, 15, 16, 17, 18, 19, 20, 21, 22, 23, 24, 25, 26, 27, 28, 29, 30, 31, 32, 33, 34, 35, 36, 37, 38, 39, 40, 41, 42, 43, 44, 45, 46, 47, 48, 49, 50, 51, 52, 53, 54, 55, 56, 57, 58, 59, 60, 61, 62, 63, 64, 65, 66, 67, 68, 69, 70, 71, 72, 73, 74, 75, 76, 77, 78, 79, 80, 81, 82, 83, 89, 90, 91, 92, 93, 94]
2025-04-05 13:27:44.294 INFO: Atomic Energies used (z: eV) for head default: {8: -7.28459863421322, 40: -11.846857579882572}
2025-04-05 13:27:44.295 INFO: Atomic Energies used (z: eV) for head pt_head: {1: -3.667168021358939, 2: -1.3320953124042916, 3: -3.482100566595956, 4: -4.736697230897597, 5: -7.724935420523256, 6: -8.405573550273285, 7: -7.360100452662763, 8: -7.28459863421322, 9: -4.896490881731322, 11: -2.7593613569762425, 12: -2.814047612069227, 13: -4.846881245288104, 14: -7.694793133351899, 15: -6.9632957911820235, 16: -4.672630400190884, 17: -2.8116892814008096, 18: -0.06259504416367478, 19: -2.6176454856894793, 20: -5.390461060484104, 21: -7.8857952163517675, 22: -10.268392986214433, 23: -8.665147785496703, 24: -9.233050763772013, 25: -8.304951520770791, 26: -7.0489865771593765, 27: -5.577439766222147, 28: -5.172747618813715, 29: -3.2520726958619472, 30: -1.2901611618726314, 31: -3.527082192997912, 32: -4.70845955030298, 33: -3.9765109025623238, 34: -3.886231055836541, 35: -2.5184940099633986, 36: 6.766947645687137, 37: -2.5634958965928316, 38: -4.938005211501922, 39: -10.149818838085771, 40: -11.846857579882572, 41: -12.138896361658485, 42: -8.791678800595722, 43: -8.78694939675911, 44: -7.78093221529871, 45: -6.850021409115055, 46: -4.891019073240479, 47: -2.0634296773864045, 48: -0.6395695518943755, 49: -2.7887442084286693, 50: -3.818604275441892, 51: -3.587068329278862, 52: -2.8804045971118897, 53: -1.6355986842433357, 54: 9.846723842807721, 55: -2.765284507132287, 56: -4.990956432167774, 57: -8.933684809576345, 58: -8.735591176647514, 59: -8.018966025544966, 60: -8.251491970213372, 61: -7.591719594359237, 62: -8.169659881166858, 63: -13.592664636171698, 64: -18.517523458456985, 65: -7.647396572993602, 66: -8.122981037851925, 67: -7.607787319678067, 68: -6.85029094445494, 69: -7.8268821327130365, 70: -3.584786591677161, 71: -7.455406192077973, 72: -12.796283502572146, 73: -14.108127281277586, 74: -9.354916969477486, 75: -11.387537567890853, 76: -9.621909492152557, 77: -7.324393429417677, 78: -5.3046964808341945, 79: -2.380092582080244, 80: 0.24948924158195362, 81: -2.3239789120665026, 82: -3.730042357127322, 83: -3.438792347649683, 89: -5.062878214511315, 90: -11.02462566385297, 91: -12.265613551943261, 92: -13.855648206100362, 93: -14.933092020258243, 94: -15.282826131998245}
2025-04-05 13:27:44.296 INFO: Processing datasets for head 'default'
2025-04-05 13:28:10.645 INFO: Combining 1 list datasets for head 'default'
2025-04-05 13:28:11.669 INFO: Head 'default' training dataset size: 10969
2025-04-05 13:28:11.674 INFO: Processing datasets for head 'pt_head'
2025-04-05 13:30:33.310 INFO: Combining 1 list datasets for head 'pt_head'
2025-04-05 13:30:40.443 INFO: Head 'pt_head' training dataset size: 95000
2025-04-05 13:30:40.445 INFO: Average number of neighbors: 61.964672446250916
2025-04-05 13:30:40.446 INFO: During training the following quantities will be reported: energy, forces, virials, stress
2025-04-05 13:30:40.446 INFO: ===========MODEL DETAILS===========
2025-04-05 13:32:16.067 INFO: Loading FOUNDATION model
2025-04-05 13:32:16.073 INFO: Using filtered elements: [1, 2, 3, 4, 5, 6, 7, 8, 9, 11, 12, 13, 14, 15, 16, 17, 18, 19, 20, 21, 22, 23, 24, 25, 26, 27, 28, 29, 30, 31, 32, 33, 34, 35, 36, 37, 38, 39, 40, 41, 42, 43, 44, 45, 46, 47, 48, 49, 50, 51, 52, 53, 54, 55, 56, 57, 58, 59, 60, 61, 62, 63, 64, 65, 66, 67, 68, 69, 70, 71, 72, 73, 74, 75, 76, 77, 78, 79, 80, 81, 82, 83, 89, 90, 91, 92, 93, 94]
2025-04-05 13:32:16.080 INFO: Model configuration extracted from foundation model
2025-04-05 13:32:16.085 INFO: Using universal loss function for fine-tuning
2025-04-05 13:32:16.091 INFO: Message passing with hidden irreps 128x0e+128x1o)
2025-04-05 13:32:16.097 INFO: 2 layers, each with correlation order: 3 (body order: 4) and spherical harmonics up to: l=3
2025-04-05 13:32:16.099 INFO: Radial cutoff: 6.0 A (total receptive field for each atom: 12.0 A)
2025-04-05 13:32:16.100 INFO: Distance transform for radial basis functions: None
2025-04-05 13:32:18.301 INFO: Total number of parameters: 4643402
2025-04-05 13:32:18.302 INFO: 
2025-04-05 13:32:18.303 INFO: ===========OPTIMIZER INFORMATION===========
2025-04-05 13:32:18.304 INFO: Using ADAM as parameter optimizer
2025-04-05 13:32:18.305 INFO: Batch size: 2
2025-04-05 13:32:18.306 INFO: Using Exponential Moving Average with decay: 0.99999
2025-04-05 13:32:18.307 INFO: Number of gradient updates: 317907
2025-04-05 13:32:18.307 INFO: Learning rate: 0.0001, weight decay: 5e-07
2025-04-05 13:32:18.308 INFO: UniversalLoss(energy_weight=1.000, forces_weight=1.000, stress_weight=1.000)
2025-04-05 13:32:18.312 INFO: Using gradient clipping with tolerance=10.000
2025-04-05 13:32:18.313 INFO: 
2025-04-05 13:32:18.314 INFO: ===========TRAINING===========
2025-04-05 13:32:18.315 INFO: Started training, reporting errors on validation set
2025-04-05 13:32:18.316 INFO: Loss metrics on validation set
2025-04-05 13:34:22.134 INFO: Initial: head: pt_head, loss=0.00007238, RMSE_E_per_atom=   76.00 meV, RMSE_F=  149.50 meV / A, RMSE_stress=   16.66 meV / A^3
2025-04-05 13:34:41.138 INFO: Initial: head: default, loss=0.00365669, RMSE_E_per_atom=  127.09 meV, RMSE_F=  412.46 meV / A, RMSE_stress=17590.17 meV / A^3
2025-04-05 15:43:03.109 INFO: Epoch 0: head: pt_head, loss=0.00007651, RMSE_E_per_atom=   79.61 meV, RMSE_F=  166.29 meV / A, RMSE_stress=   18.74 meV / A^3
2025-04-05 15:43:22.102 INFO: Epoch 0: head: default, loss=0.00334890, RMSE_E_per_atom=   14.43 meV, RMSE_F=  157.92 meV / A, RMSE_stress=17588.13 meV / A^3
total time: 8444 seconds
cuequivariance or cuequivariance_torch is not available. Cuequivariance acceleration will be disabled.
2025-04-05 15:43:52.561 INFO: ===========VERIFYING SETTINGS===========
2025-04-05 15:43:52.579 INFO: MACE version: 0.3.12
2025-04-05 15:43:52.693 INFO: CUDA version: 12.4, CUDA device: 0
2025-04-05 15:43:53.540 INFO: Using foundation model pre-trained/mace-mp0a-large.model as initial checkpoint.
2025-04-05 15:43:53.542 INFO: Multihead finetuning mode, setting learning rate to 0.001 and EMA to True. To use a different learning rate, set --force_mh_ft_lr=True.
2025-04-05 15:43:53.544 INFO: Using multiheads finetuning mode, setting learning rate to 0.001 and EMA to True
2025-04-05 15:43:53.544 INFO: ===========LOADING INPUT DATA===========
2025-04-05 15:43:53.545 INFO: Using heads: ['default']
2025-04-05 15:43:53.546 INFO: =============    Processing head default     ===========
2025-04-05 15:43:58.313 WARNING: Since ASE version 3.23.0b1, using energy_key 'energy' is no longer safe when communicating between MACE and ASE. We recommend using a different key, rewriting 'energy' to 'REF_energy'. You need to use --energy_key='REF_energy' to specify the chosen key name.
2025-04-05 15:43:59.933 WARNING: Since ASE version 3.23.0b1, using forces_key 'forces' is no longer safe when communicating between MACE and ASE. We recommend using a different key, rewriting 'forces' to 'REF_forces'. You need to use --forces_key='REF_forces' to specify the chosen key name.
2025-04-05 15:44:01.595 WARNING: Since ASE version 3.23.0b1, using stress_key 'stress' is no longer safe when communicating between MACE and ASE. We recommend using a different key, rewriting 'stress' to 'REF_stress'. You need to use --stress_key='REF_stress' to specify the chosen key name.
2025-04-05 15:44:03.148 INFO: Training file 1/1 [11546 configs, 11546 energy, 11546 forces, 11546 stresses] loaded from '../data/train.xyz'
2025-04-05 15:44:03.153 INFO: Total training set [11546 configs, 11546 energy, 11546 forces, 11546 stresses]
2025-04-05 15:44:03.158 INFO: Using random 5% of training set for validation with indices saved in: ./valid_indices_3.txt
2025-04-05 15:44:03.160 INFO: Validation set contains 577 configurations [577 energy, 577 forces, 577 stresses]
2025-04-05 15:44:04.219 WARNING: Since ASE version 3.23.0b1, using energy_key 'energy' is no longer safe when communicating between MACE and ASE. We recommend using a different key, rewriting 'energy' to 'REF_energy'. You need to use --energy_key='REF_energy' to specify the chosen key name.
2025-04-05 15:44:04.631 WARNING: Since ASE version 3.23.0b1, using forces_key 'forces' is no longer safe when communicating between MACE and ASE. We recommend using a different key, rewriting 'forces' to 'REF_forces'. You need to use --forces_key='REF_forces' to specify the chosen key name.
2025-04-05 15:44:05.054 WARNING: Since ASE version 3.23.0b1, using stress_key 'stress' is no longer safe when communicating between MACE and ASE. We recommend using a different key, rewriting 'stress' to 'REF_stress'. You need to use --stress_key='REF_stress' to specify the chosen key name.
2025-04-05 15:44:05.444 INFO: Test file 1/1 [2888 configs, 2888 energy, 2888 forces, 2888 stresses] loaded from '../data/test.xyz'
2025-04-05 15:44:05.446 INFO: Total test set (2888 configs):
2025-04-05 15:44:05.449 INFO: Default_default: 2888 configs, 2888 energy, 2888 forces, 2888 stresses
2025-04-05 15:44:05.450 INFO: Total number of configurations: train=10969, valid=577, tests=[Default_default: 2888],
2025-04-05 15:44:05.451 INFO: ==================Using multiheads finetuning mode==================
2025-04-05 15:44:05.452 INFO: Using foundation model for multiheads finetuning with Materials Project data
2025-04-05 15:44:05.454 INFO: Using Materials Project dataset with /home/p.zanineli/.cache/mace/mp_traj_combinedxyz
2025-04-05 15:44:05.454 INFO: Using Materials Project descriptors with /home/p.zanineli/.cache/mace/descriptorsnpy
2025-04-05 15:44:05.644 INFO: CUDA version: 12.4, CUDA device: 0
2025-04-05 15:44:11.627 INFO: Filtering configurations based on the finetuning set, filtering type: combinations, elements: ['O' 'Zr']
2025-04-05 15:45:26.058 INFO: Number of configurations after filtering 58 is less than the number of samples 100000, selecting random configurations for the rest.
2025-04-05 15:45:30.378 INFO: Saving the selected configurations
2025-04-05 15:46:04.486 INFO: Saving a combined XYZ file
2025-04-05 15:47:39.496 WARNING: Since ASE version 3.23.0b1, using energy_key 'energy' is no longer safe when communicating between MACE and ASE. We recommend using a different key, rewriting 'energy' to 'REF_energy'. You need to use --energy_key='REF_energy' to specify the chosen key name.
2025-04-05 15:47:54.032 WARNING: Since ASE version 3.23.0b1, using forces_key 'forces' is no longer safe when communicating between MACE and ASE. We recommend using a different key, rewriting 'forces' to 'REF_forces'. You need to use --forces_key='REF_forces' to specify the chosen key name.
2025-04-05 15:48:08.748 WARNING: Since ASE version 3.23.0b1, using stress_key 'stress' is no longer safe when communicating between MACE and ASE. We recommend using a different key, rewriting 'stress' to 'REF_stress'. You need to use --stress_key='REF_stress' to specify the chosen key name.
2025-04-05 15:48:26.564 INFO: Training file 1/1 [100000 configs, 100000 energy, 100000 forces, 100000 stresses] loaded from 'mp_finetuning-fine-tuned/Opt_ZrO2_large_MACE_run-3.xyz'
2025-04-05 15:48:26.652 INFO: Total training set [100000 configs, 100000 energy, 100000 forces, 100000 stresses]
2025-04-05 15:48:26.661 INFO: Using random 5% of training set for validation with indices saved in: ./valid_indices_3.txt
2025-04-05 15:48:26.678 INFO: Validation set contains 5000 configurations [5000 energy, 5000 forces, 5000 stresses]
2025-04-05 15:48:26.681 INFO: Total number of configurations in pretraining: train=95000, valid=5000
2025-04-05 15:48:27.323 INFO: Atomic Numbers used: [1, 2, 3, 4, 5, 6, 7, 8, 9, 11, 12, 13, 14, 15, 16, 17, 18, 19, 20, 21, 22, 23, 24, 25, 26, 27, 28, 29, 30, 31, 32, 33, 34, 35, 36, 37, 38, 39, 40, 41, 42, 43, 44, 45, 46, 47, 48, 49, 50, 51, 52, 53, 54, 55, 56, 57, 58, 59, 60, 61, 62, 63, 64, 65, 66, 67, 68, 69, 70, 71, 72, 73, 74, 75, 76, 77, 78, 79, 80, 81, 82, 83, 89, 90, 91, 92, 93, 94]
2025-04-05 15:48:27.333 INFO: Atomic Energies used (z: eV) for head default: {8: -7.28459863421322, 40: -11.846857579882572}
2025-04-05 15:48:27.334 INFO: Atomic Energies used (z: eV) for head pt_head: {1: -3.667168021358939, 2: -1.3320953124042916, 3: -3.482100566595956, 4: -4.736697230897597, 5: -7.724935420523256, 6: -8.405573550273285, 7: -7.360100452662763, 8: -7.28459863421322, 9: -4.896490881731322, 11: -2.7593613569762425, 12: -2.814047612069227, 13: -4.846881245288104, 14: -7.694793133351899, 15: -6.9632957911820235, 16: -4.672630400190884, 17: -2.8116892814008096, 18: -0.06259504416367478, 19: -2.6176454856894793, 20: -5.390461060484104, 21: -7.8857952163517675, 22: -10.268392986214433, 23: -8.665147785496703, 24: -9.233050763772013, 25: -8.304951520770791, 26: -7.0489865771593765, 27: -5.577439766222147, 28: -5.172747618813715, 29: -3.2520726958619472, 30: -1.2901611618726314, 31: -3.527082192997912, 32: -4.70845955030298, 33: -3.9765109025623238, 34: -3.886231055836541, 35: -2.5184940099633986, 36: 6.766947645687137, 37: -2.5634958965928316, 38: -4.938005211501922, 39: -10.149818838085771, 40: -11.846857579882572, 41: -12.138896361658485, 42: -8.791678800595722, 43: -8.78694939675911, 44: -7.78093221529871, 45: -6.850021409115055, 46: -4.891019073240479, 47: -2.0634296773864045, 48: -0.6395695518943755, 49: -2.7887442084286693, 50: -3.818604275441892, 51: -3.587068329278862, 52: -2.8804045971118897, 53: -1.6355986842433357, 54: 9.846723842807721, 55: -2.765284507132287, 56: -4.990956432167774, 57: -8.933684809576345, 58: -8.735591176647514, 59: -8.018966025544966, 60: -8.251491970213372, 61: -7.591719594359237, 62: -8.169659881166858, 63: -13.592664636171698, 64: -18.517523458456985, 65: -7.647396572993602, 66: -8.122981037851925, 67: -7.607787319678067, 68: -6.85029094445494, 69: -7.8268821327130365, 70: -3.584786591677161, 71: -7.455406192077973, 72: -12.796283502572146, 73: -14.108127281277586, 74: -9.354916969477486, 75: -11.387537567890853, 76: -9.621909492152557, 77: -7.324393429417677, 78: -5.3046964808341945, 79: -2.380092582080244, 80: 0.24948924158195362, 81: -2.3239789120665026, 82: -3.730042357127322, 83: -3.438792347649683, 89: -5.062878214511315, 90: -11.02462566385297, 91: -12.265613551943261, 92: -13.855648206100362, 93: -14.933092020258243, 94: -15.282826131998245}
2025-04-05 15:48:27.335 INFO: Processing datasets for head 'default'
2025-04-05 15:48:53.495 INFO: Combining 1 list datasets for head 'default'
2025-04-05 15:48:54.516 INFO: Head 'default' training dataset size: 10969
2025-04-05 15:48:54.521 INFO: Processing datasets for head 'pt_head'
2025-04-05 15:51:16.140 INFO: Combining 1 list datasets for head 'pt_head'
2025-04-05 15:51:23.220 INFO: Head 'pt_head' training dataset size: 95000
2025-04-05 15:51:23.222 INFO: Average number of neighbors: 61.964672446250916
2025-04-05 15:51:23.223 INFO: During training the following quantities will be reported: energy, forces, virials, stress
2025-04-05 15:51:23.224 INFO: ===========MODEL DETAILS===========
2025-04-05 15:52:55.677 INFO: Loading FOUNDATION model
2025-04-05 15:52:55.684 INFO: Using filtered elements: [1, 2, 3, 4, 5, 6, 7, 8, 9, 11, 12, 13, 14, 15, 16, 17, 18, 19, 20, 21, 22, 23, 24, 25, 26, 27, 28, 29, 30, 31, 32, 33, 34, 35, 36, 37, 38, 39, 40, 41, 42, 43, 44, 45, 46, 47, 48, 49, 50, 51, 52, 53, 54, 55, 56, 57, 58, 59, 60, 61, 62, 63, 64, 65, 66, 67, 68, 69, 70, 71, 72, 73, 74, 75, 76, 77, 78, 79, 80, 81, 82, 83, 89, 90, 91, 92, 93, 94]
2025-04-05 15:52:55.693 INFO: Model configuration extracted from foundation model
2025-04-05 15:52:55.699 INFO: Using universal loss function for fine-tuning
2025-04-05 15:52:55.704 INFO: Message passing with hidden irreps 128x0e+128x1o+128x2e)
2025-04-05 15:52:55.710 INFO: 2 layers, each with correlation order: 3 (body order: 4) and spherical harmonics up to: l=3
2025-04-05 15:52:55.711 INFO: Radial cutoff: 6.0 A (total receptive field for each atom: 12.0 A)
2025-04-05 15:52:55.712 INFO: Distance transform for radial basis functions: None
2025-04-05 15:52:58.337 INFO: Total number of parameters: 5670474
2025-04-05 15:52:58.338 INFO: 
2025-04-05 15:52:58.339 INFO: ===========OPTIMIZER INFORMATION===========
2025-04-05 15:52:58.340 INFO: Using ADAM as parameter optimizer
2025-04-05 15:52:58.340 INFO: Batch size: 2
2025-04-05 15:52:58.341 INFO: Using Exponential Moving Average with decay: 0.99999
2025-04-05 15:52:58.342 INFO: Number of gradient updates: 317907
2025-04-05 15:52:58.342 INFO: Learning rate: 0.0001, weight decay: 5e-07
2025-04-05 15:52:58.343 INFO: UniversalLoss(energy_weight=1.000, forces_weight=1.000, stress_weight=1.000)
2025-04-05 15:52:58.346 INFO: Using gradient clipping with tolerance=10.000
2025-04-05 15:52:58.347 INFO: 
2025-04-05 15:52:58.347 INFO: ===========TRAINING===========
2025-04-05 15:52:58.348 INFO: Started training, reporting errors on validation set
2025-04-05 15:52:58.349 INFO: Loss metrics on validation set
2025-04-05 15:57:15.036 INFO: Initial: head: pt_head, loss=0.00005922, RMSE_E_per_atom=   91.00 meV, RMSE_F=  111.78 meV / A, RMSE_stress=   16.30 meV / A^3
2025-04-05 15:57:58.980 INFO: Initial: head: default, loss=0.00362288, RMSE_E_per_atom=   98.57 meV, RMSE_F=  397.19 meV / A, RMSE_stress=17589.86 meV / A^3
2025-04-05 20:12:46.977 INFO: Epoch 0: head: pt_head, loss=0.00008338, RMSE_E_per_atom=   94.19 meV, RMSE_F=  210.12 meV / A, RMSE_stress=   19.16 meV / A^3
2025-04-05 20:13:30.816 INFO: Epoch 0: head: default, loss=0.00332990, RMSE_E_per_atom=   10.54 meV, RMSE_F=  133.38 meV / A, RMSE_stress=17588.04 meV / A^3
total time: 16210 seconds
